{"/home/runner/workspace/artifacts/api-server/src/billingAuditLogger.ts": {"path":"/home/runner/workspace/artifacts/api-server/src/billingAuditLogger.ts","statementMap":{"0":{"start":{"line":49,"column":4},"end":{"line":68,"column":null}},"1":{"start":{"line":50,"column":6},"end":{"line":65,"column":null}},"2":{"start":{"line":67,"column":6},"end":{"line":67,"column":null}},"3":{"start":{"line":72,"column":28},"end":{"line":72,"column":null}},"4":{"start":{"line":73,"column":4},"end":{"line":73,"column":null}},"5":{"start":{"line":73,"column":27},"end":{"line":73,"column":null}},"6":{"start":{"line":74,"column":4},"end":{"line":74,"column":null}},"7":{"start":{"line":74,"column":25},"end":{"line":74,"column":null}},"8":{"start":{"line":76,"column":17},"end":{"line":82,"column":null}},"9":{"start":{"line":84,"column":4},"end":{"line":90,"column":null}},"10":{"start":{"line":84,"column":28},"end":{"line":90,"column":6}},"11":{"start":{"line":94,"column":34},"end":{"line":94,"column":null}}},"fnMap":{"0":{"name":"(anonymous_0)","decl":{"start":{"line":48,"column":8},"end":{"line":48,"column":12}},"loc":{"start":{"line":48,"column":46},"end":{"line":69,"column":null}},"line":48},"1":{"name":"(anonymous_1)","decl":{"start":{"line":71,"column":8},"end":{"line":71,"column":21}},"loc":{"start":{"line":71,"column":119},"end":{"line":91,"column":null}},"line":71},"2":{"name":"(anonymous_2)","decl":{"start":{"line":84,"column":20},"end":{"line":84,"column":21}},"loc":{"start":{"line":84,"column":28},"end":{"line":90,"column":6}},"line":84}},"branchMap":{"0":{"loc":{"start":{"line":52,"column":18},"end":{"line":52,"column":null}},"type":"binary-expr","locations":[{"start":{"line":52,"column":18},"end":{"line":52,"column":36}},{"start":{"line":52,"column":36},"end":{"line":52,"column":null}}],"line":52},"1":{"loc":{"start":{"line":53,"column":21},"end":{"line":53,"column":null}},"type":"binary-expr","locations":[{"start":{"line":53,"column":21},"end":{"line":53,"column":42}},{"start":{"line":53,"column":42},"end":{"line":53,"column":null}}],"line":53},"2":{"loc":{"start":{"line":54,"column":19},"end":{"line":54,"column":null}},"type":"binary-expr","locations":[{"start":{"line":54,"column":19},"end":{"line":54,"column":38}},{"start":{"line":54,"column":38},"end":{"line":54,"column":null}}],"line":54},"3":{"loc":{"start":{"line":57,"column":18},"end":{"line":57,"column":null}},"type":"binary-expr","locations":[{"start":{"line":57,"column":18},"end":{"line":57,"column":36}},{"start":{"line":57,"column":36},"end":{"line":57,"column":null}}],"line":57},"4":{"loc":{"start":{"line":58,"column":21},"end":{"line":58,"column":null}},"type":"cond-expr","locations":[{"start":{"line":58,"column":41},"end":{"line":58,"column":77}},{"start":{"line":58,"column":77},"end":{"line":58,"column":null}}],"line":58},"5":{"loc":{"start":{"line":59,"column":20},"end":{"line":59,"column":null}},"type":"cond-expr","locations":[{"start":{"line":59,"column":39},"end":{"line":59,"column":74}},{"start":{"line":59,"column":74},"end":{"line":59,"column":null}}],"line":59},"6":{"loc":{"start":{"line":60,"column":16},"end":{"line":60,"column":null}},"type":"cond-expr","locations":[{"start":{"line":60,"column":39},"end":{"line":60,"column":62}},{"start":{"line":60,"column":62},"end":{"line":60,"column":null}}],"line":60},"7":{"loc":{"start":{"line":61,"column":18},"end":{"line":61,"column":null}},"type":"binary-expr","locations":[{"start":{"line":61,"column":18},"end":{"line":61,"column":36}},{"start":{"line":61,"column":36},"end":{"line":61,"column":null}}],"line":61},"8":{"loc":{"start":{"line":62,"column":16},"end":{"line":62,"column":null}},"type":"binary-expr","locations":[{"start":{"line":62,"column":16},"end":{"line":62,"column":32}},{"start":{"line":62,"column":32},"end":{"line":62,"column":null}}],"line":62},"9":{"loc":{"start":{"line":64,"column":18},"end":{"line":64,"column":null}},"type":"cond-expr","locations":[{"start":{"line":64,"column":35},"end":{"line":64,"column":68}},{"start":{"line":64,"column":68},"end":{"line":64,"column":null}}],"line":64},"10":{"loc":{"start":{"line":73,"column":4},"end":{"line":73,"column":null}},"type":"if","locations":[{"start":{"line":73,"column":4},"end":{"line":73,"column":null}},{"start":{},"end":{}}],"line":73},"11":{"loc":{"start":{"line":74,"column":4},"end":{"line":74,"column":null}},"type":"if","locations":[{"start":{"line":74,"column":4},"end":{"line":74,"column":null}},{"start":{},"end":{}}],"line":74},"12":{"loc":{"start":{"line":79,"column":13},"end":{"line":79,"column":73}},"type":"cond-expr","locations":[{"start":{"line":79,"column":39},"end":{"line":79,"column":55}},{"start":{"line":79,"column":51},"end":{"line":79,"column":73}}],"line":79},"13":{"loc":{"start":{"line":81,"column":13},"end":{"line":81,"column":34}},"type":"binary-expr","locations":[{"start":{"line":81,"column":13},"end":{"line":81,"column":31}},{"start":{"line":81,"column":31},"end":{"line":81,"column":34}}],"line":81},"14":{"loc":{"start":{"line":82,"column":14},"end":{"line":82,"column":34}},"type":"binary-expr","locations":[{"start":{"line":82,"column":14},"end":{"line":82,"column":33}},{"start":{"line":82,"column":33},"end":{"line":82,"column":34}}],"line":82},"15":{"loc":{"start":{"line":86,"column":14},"end":{"line":86,"column":null}},"type":"cond-expr","locations":[{"start":{"line":86,"column":25},"end":{"line":86,"column":48}},{"start":{"line":86,"column":48},"end":{"line":86,"column":null}}],"line":86},"16":{"loc":{"start":{"line":87,"column":19},"end":{"line":87,"column":null}},"type":"cond-expr","locations":[{"start":{"line":87,"column":35},"end":{"line":87,"column":63}},{"start":{"line":87,"column":63},"end":{"line":87,"column":null}}],"line":87},"17":{"loc":{"start":{"line":88,"column":18},"end":{"line":88,"column":null}},"type":"cond-expr","locations":[{"start":{"line":88,"column":33},"end":{"line":88,"column":60}},{"start":{"line":88,"column":60},"end":{"line":88,"column":null}}],"line":88},"18":{"loc":{"start":{"line":89,"column":16},"end":{"line":89,"column":null}},"type":"cond-expr","locations":[{"start":{"line":89,"column":29},"end":{"line":89,"column":54}},{"start":{"line":89,"column":54},"end":{"line":89,"column":null}}],"line":89}},"s":{"0":0,"1":0,"2":0,"3":0,"4":0,"5":0,"6":0,"7":0,"8":0,"9":0,"10":0,"11":1},"f":{"0":0,"1":0,"2":0},"b":{"0":[0,0],"1":[0,0],"2":[0,0],"3":[0,0],"4":[0,0],"5":[0,0],"6":[0,0],"7":[0,0],"8":[0,0],"9":[0,0],"10":[0,0],"11":[0,0],"12":[0,0],"13":[0,0],"14":[0,0],"15":[0,0],"16":[0,0],"17":[0,0],"18":[0,0]},"meta":{"lastBranch":19,"lastFunction":3,"lastStatement":12,"seen":{"f:48:8:48:12":0,"s:49:4:68:Infinity":0,"s:50:6:65:Infinity":1,"b:52:18:52:36:52:36:52:Infinity":0,"b:53:21:53:42:53:42:53:Infinity":1,"b:54:19:54:38:54:38:54:Infinity":2,"b:57:18:57:36:57:36:57:Infinity":3,"b:58:41:58:77:58:77:58:Infinity":4,"b:59:39:59:74:59:74:59:Infinity":5,"b:60:39:60:62:60:62:60:Infinity":6,"b:61:18:61:36:61:36:61:Infinity":7,"b:62:16:62:32:62:32:62:Infinity":8,"b:64:35:64:68:64:68:64:Infinity":9,"s:67:6:67:Infinity":2,"f:71:8:71:21":1,"s:72:28:72:Infinity":3,"b:73:4:73:Infinity:undefined:undefined:undefined:undefined":10,"s:73:4:73:Infinity":4,"s:73:27:73:Infinity":5,"b:74:4:74:Infinity:undefined:undefined:undefined:undefined":11,"s:74:4:74:Infinity":6,"s:74:25:74:Infinity":7,"s:76:17:82:Infinity":8,"b:79:39:79:55:79:51:79:73":12,"b:81:13:81:31:81:31:81:34":13,"b:82:14:82:33:82:33:82:34":14,"s:84:4:90:Infinity":9,"f:84:20:84:21":2,"s:84:28:90:6":10,"b:86:25:86:48:86:48:86:Infinity":15,"b:87:35:87:63:87:63:87:Infinity":16,"b:88:33:88:60:88:60:88:Infinity":17,"b:89:29:89:54:89:54:89:Infinity":18,"s:94:34:94:Infinity":11}}}
,"/home/runner/workspace/artifacts/api-server/src/billingMetrics.ts": {"path":"/home/runner/workspace/artifacts/api-server/src/billingMetrics.ts","statementMap":{"0":{"start":{"line":5,"column":14},"end":{"line":5,"column":null}},"1":{"start":{"line":6,"column":16},"end":{"line":6,"column":null}},"2":{"start":{"line":7,"column":14},"end":{"line":7,"column":null}},"3":{"start":{"line":8,"column":2},"end":{"line":8,"column":null}},"4":{"start":{"line":12,"column":2},"end":{"line":12,"column":null}},"5":{"start":{"line":12,"column":39},"end":{"line":12,"column":67}},"6":{"start":{"line":16,"column":2},"end":{"line":16,"column":null}},"7":{"start":{"line":33,"column":21},"end":{"line":36,"column":null}},"8":{"start":{"line":38,"column":18},"end":{"line":41,"column":null}},"9":{"start":{"line":43,"column":28},"end":{"line":43,"column":null}},"10":{"start":{"line":43,"column":50},"end":{"line":43,"column":70}},"11":{"start":{"line":44,"column":22},"end":{"line":44,"column":null}},"12":{"start":{"line":44,"column":44},"end":{"line":44,"column":67}},"13":{"start":{"line":46,"column":14},"end":{"line":46,"column":null}},"14":{"start":{"line":47,"column":14},"end":{"line":47,"column":null}},"15":{"start":{"line":49,"column":47},"end":{"line":49,"column":null}},"16":{"start":{"line":51,"column":24},"end":{"line":59,"column":null}},"17":{"start":{"line":61,"column":31},"end":{"line":61,"column":null}},"18":{"start":{"line":61,"column":64},"end":{"line":61,"column":92}},"19":{"start":{"line":63,"column":23},"end":{"line":70,"column":null}},"20":{"start":{"line":72,"column":27},"end":{"line":72,"column":null}},"21":{"start":{"line":72,"column":59},"end":{"line":72,"column":87}},"22":{"start":{"line":74,"column":29},"end":{"line":76,"column":null}},"23":{"start":{"line":75,"column":4},"end":{"line":75,"column":null}},"24":{"start":{"line":78,"column":2},"end":{"line":89,"column":null}}},"fnMap":{"0":{"name":"getMonthWindow","decl":{"start":{"line":4,"column":16},"end":{"line":4,"column":31}},"loc":{"start":{"line":4,"column":72},"end":{"line":9,"column":null}},"line":4},"1":{"name":"computeMRR","decl":{"start":{"line":11,"column":16},"end":{"line":11,"column":27}},"loc":{"start":{"line":11,"column":69},"end":{"line":13,"column":null}},"line":11},"2":{"name":"(anonymous_2)","decl":{"start":{"line":12,"column":27},"end":{"line":12,"column":28}},"loc":{"start":{"line":12,"column":39},"end":{"line":12,"column":67}},"line":12},"3":{"name":"computeARM","decl":{"start":{"line":15,"column":16},"end":{"line":15,"column":27}},"loc":{"start":{"line":15,"column":69},"end":{"line":17,"column":null}},"line":15},"4":{"name":"computeBillingSummary","decl":{"start":{"line":32,"column":22},"end":{"line":32,"column":44}},"loc":{"start":{"line":32,"column":101},"end":{"line":90,"column":null}},"line":32},"5":{"name":"(anonymous_5)","decl":{"start":{"line":43,"column":43},"end":{"line":43,"column":44}},"loc":{"start":{"line":43,"column":50},"end":{"line":43,"column":70}},"line":43},"6":{"name":"(anonymous_6)","decl":{"start":{"line":44,"column":37},"end":{"line":44,"column":38}},"loc":{"start":{"line":44,"column":44},"end":{"line":44,"column":67}},"line":44},"7":{"name":"(anonymous_7)","decl":{"start":{"line":61,"column":52},"end":{"line":61,"column":53}},"loc":{"start":{"line":61,"column":64},"end":{"line":61,"column":92}},"line":61},"8":{"name":"(anonymous_8)","decl":{"start":{"line":72,"column":47},"end":{"line":72,"column":48}},"loc":{"start":{"line":72,"column":59},"end":{"line":72,"column":87}},"line":72},"9":{"name":"(anonymous_9)","decl":{"start":{"line":74,"column":44},"end":{"line":74,"column":45}},"loc":{"start":{"line":75,"column":4},"end":{"line":75,"column":null}},"line":75}},"branchMap":{"0":{"loc":{"start":{"line":5,"column":14},"end":{"line":5,"column":null}},"type":"binary-expr","locations":[{"start":{"line":5,"column":14},"end":{"line":5,"column":22}},{"start":{"line":5,"column":22},"end":{"line":5,"column":null}}],"line":5},"1":{"loc":{"start":{"line":16,"column":9},"end":{"line":16,"column":null}},"type":"cond-expr","locations":[{"start":{"line":16,"column":27},"end":{"line":16,"column":47}},{"start":{"line":16,"column":47},"end":{"line":16,"column":null}}],"line":16},"2":{"loc":{"start":{"line":75,"column":4},"end":{"line":75,"column":null}},"type":"binary-expr","locations":[{"start":{"line":75,"column":4},"end":{"line":75,"column":21}},{"start":{"line":75,"column":21},"end":{"line":75,"column":52}},{"start":{"line":75,"column":52},"end":{"line":75,"column":null}}],"line":75}},"s":{"0":6,"1":6,"2":6,"3":6,"4":6,"5":10,"6":6,"7":0,"8":0,"9":0,"10":0,"11":0,"12":0,"13":0,"14":0,"15":0,"16":0,"17":0,"18":0,"19":0,"20":0,"21":0,"22":0,"23":0,"24":0},"f":{"0":6,"1":6,"2":10,"3":6,"4":0,"5":0,"6":0,"7":0,"8":0,"9":0},"b":{"0":[6,1],"1":[4,2],"2":[0,0,0]},"meta":{"lastBranch":3,"lastFunction":10,"lastStatement":25,"seen":{"f:4:16:4:31":0,"s:5:14:5:Infinity":0,"b:5:14:5:22:5:22:5:Infinity":0,"s:6:16:6:Infinity":1,"s:7:14:7:Infinity":2,"s:8:2:8:Infinity":3,"f:11:16:11:27":1,"s:12:2:12:Infinity":4,"f:12:27:12:28":2,"s:12:39:12:67":5,"f:15:16:15:27":3,"s:16:2:16:Infinity":6,"b:16:27:16:47:16:47:16:Infinity":1,"f:32:22:32:44":4,"s:33:21:36:Infinity":7,"s:38:18:41:Infinity":8,"s:43:28:43:Infinity":9,"f:43:43:43:44":5,"s:43:50:43:70":10,"s:44:22:44:Infinity":11,"f:44:37:44:38":6,"s:44:44:44:67":12,"s:46:14:46:Infinity":13,"s:47:14:47:Infinity":14,"s:49:47:49:Infinity":15,"s:51:24:59:Infinity":16,"s:61:31:61:Infinity":17,"f:61:52:61:53":7,"s:61:64:61:92":18,"s:63:23:70:Infinity":19,"s:72:27:72:Infinity":20,"f:72:47:72:48":8,"s:72:59:72:87":21,"s:74:29:76:Infinity":22,"f:74:44:74:45":9,"s:75:4:75:Infinity":23,"b:75:4:75:21:75:21:75:52:75:52:75:Infinity":2,"s:78:2:89:Infinity":24}}}
,"/home/runner/workspace/artifacts/api-server/src/middlewares/billingRbac.ts": {"path":"/home/runner/workspace/artifacts/api-server/src/middlewares/billingRbac.ts","statementMap":{"0":{"start":{"line":17,"column":62},"end":{"line":51,"column":null}},"1":{"start":{"line":54,"column":2},"end":{"line":54,"column":null}},"2":{"start":{"line":58,"column":16},"end":{"line":58,"column":null}},"3":{"start":{"line":59,"column":2},"end":{"line":59,"column":null}},"4":{"start":{"line":59,"column":37},"end":{"line":59,"column":null}},"5":{"start":{"line":61,"column":18},"end":{"line":64,"column":null}},"6":{"start":{"line":66,"column":2},"end":{"line":66,"column":null}},"7":{"start":{"line":70,"column":2},"end":{"line":103,"column":null}},"8":{"start":{"line":71,"column":4},"end":{"line":74,"column":null}},"9":{"start":{"line":72,"column":6},"end":{"line":72,"column":null}},"10":{"start":{"line":73,"column":6},"end":{"line":73,"column":null}},"11":{"start":{"line":76,"column":23},"end":{"line":76,"column":null}},"12":{"start":{"line":77,"column":18},"end":{"line":77,"column":null}},"13":{"start":{"line":79,"column":4},"end":{"line":82,"column":null}},"14":{"start":{"line":80,"column":6},"end":{"line":80,"column":null}},"15":{"start":{"line":81,"column":6},"end":{"line":81,"column":null}},"16":{"start":{"line":84,"column":19},"end":{"line":84,"column":null}},"17":{"start":{"line":85,"column":17},"end":{"line":85,"column":null}},"18":{"start":{"line":87,"column":4},"end":{"line":90,"column":null}},"19":{"start":{"line":88,"column":6},"end":{"line":88,"column":null}},"20":{"start":{"line":89,"column":6},"end":{"line":89,"column":null}},"21":{"start":{"line":92,"column":22},"end":{"line":92,"column":null}},"22":{"start":{"line":93,"column":19},"end":{"line":93,"column":null}},"23":{"start":{"line":93,"column":46},"end":{"line":93,"column":67}},"24":{"start":{"line":95,"column":4},"end":{"line":98,"column":null}},"25":{"start":{"line":96,"column":6},"end":{"line":96,"column":null}},"26":{"start":{"line":97,"column":6},"end":{"line":97,"column":null}},"27":{"start":{"line":100,"column":4},"end":{"line":100,"column":null}},"28":{"start":{"line":101,"column":4},"end":{"line":101,"column":null}},"29":{"start":{"line":102,"column":4},"end":{"line":102,"column":null}},"30":{"start":{"line":107,"column":2},"end":{"line":107,"column":null}}},"fnMap":{"0":{"name":"getPermissionsForRole","decl":{"start":{"line":53,"column":16},"end":{"line":53,"column":38}},"loc":{"start":{"line":53,"column":73},"end":{"line":55,"column":null}},"line":53},"1":{"name":"resolveUserRole","decl":{"start":{"line":57,"column":15},"end":{"line":57,"column":31}},"loc":{"start":{"line":57,"column":86},"end":{"line":67,"column":null}},"line":57},"2":{"name":"requireBillingPermission","decl":{"start":{"line":69,"column":16},"end":{"line":69,"column":44}},"loc":{"start":{"line":69,"column":80},"end":{"line":104,"column":null}},"line":69},"3":{"name":"(anonymous_3)","decl":{"start":{"line":70,"column":9},"end":{"line":70,"column":16}},"loc":{"start":{"line":70,"column":83},"end":{"line":103,"column":null}},"line":70},"4":{"name":"(anonymous_4)","decl":{"start":{"line":93,"column":39},"end":{"line":93,"column":40}},"loc":{"start":{"line":93,"column":46},"end":{"line":93,"column":67}},"line":93},"5":{"name":"requireBillingRead","decl":{"start":{"line":106,"column":16},"end":{"line":106,"column":37}},"loc":{"start":{"line":106,"column":37},"end":{"line":108,"column":null}},"line":106}},"branchMap":{"0":{"loc":{"start":{"line":54,"column":9},"end":{"line":54,"column":null}},"type":"binary-expr","locations":[{"start":{"line":54,"column":9},"end":{"line":54,"column":35}},{"start":{"line":54,"column":35},"end":{"line":54,"column":null}}],"line":54},"1":{"loc":{"start":{"line":59,"column":2},"end":{"line":59,"column":null}},"type":"if","locations":[{"start":{"line":59,"column":2},"end":{"line":59,"column":null}},{"start":{},"end":{}}],"line":59},"2":{"loc":{"start":{"line":59,"column":6},"end":{"line":59,"column":37}},"type":"binary-expr","locations":[{"start":{"line":59,"column":6},"end":{"line":59,"column":13}},{"start":{"line":59,"column":13},"end":{"line":59,"column":37}}],"line":59},"3":{"loc":{"start":{"line":66,"column":9},"end":{"line":66,"column":null}},"type":"binary-expr","locations":[{"start":{"line":66,"column":9},"end":{"line":66,"column":24}},{"start":{"line":66,"column":24},"end":{"line":66,"column":null}}],"line":66},"4":{"loc":{"start":{"line":71,"column":4},"end":{"line":74,"column":null}},"type":"if","locations":[{"start":{"line":71,"column":4},"end":{"line":74,"column":null}},{"start":{},"end":{}}],"line":71},"5":{"loc":{"start":{"line":77,"column":18},"end":{"line":77,"column":null}},"type":"cond-expr","locations":[{"start":{"line":77,"column":31},"end":{"line":77,"column":102}},{"start":{"line":77,"column":102},"end":{"line":77,"column":null}}],"line":77},"6":{"loc":{"start":{"line":77,"column":40},"end":{"line":77,"column":96}},"type":"cond-expr","locations":[{"start":{"line":77,"column":68},"end":{"line":77,"column":84}},{"start":{"line":77,"column":84},"end":{"line":77,"column":96}}],"line":77},"7":{"loc":{"start":{"line":79,"column":4},"end":{"line":82,"column":null}},"type":"if","locations":[{"start":{"line":79,"column":4},"end":{"line":82,"column":null}},{"start":{},"end":{}}],"line":79},"8":{"loc":{"start":{"line":79,"column":8},"end":{"line":79,"column":32}},"type":"binary-expr","locations":[{"start":{"line":79,"column":8},"end":{"line":79,"column":18}},{"start":{"line":79,"column":18},"end":{"line":79,"column":32}}],"line":79},"9":{"loc":{"start":{"line":87,"column":4},"end":{"line":90,"column":null}},"type":"if","locations":[{"start":{"line":87,"column":4},"end":{"line":90,"column":null}},{"start":{},"end":{}}],"line":87},"10":{"loc":{"start":{"line":95,"column":4},"end":{"line":98,"column":null}},"type":"if","locations":[{"start":{"line":95,"column":4},"end":{"line":98,"column":null}},{"start":{},"end":{}}],"line":95}},"s":{"0":2,"1":14,"2":0,"3":0,"4":0,"5":0,"6":0,"7":0,"8":0,"9":0,"10":0,"11":0,"12":0,"13":0,"14":0,"15":0,"16":0,"17":0,"18":0,"19":0,"20":0,"21":0,"22":0,"23":0,"24":0,"25":0,"26":0,"27":0,"28":0,"29":0,"30":0},"f":{"0":14,"1":0,"2":0,"3":0,"4":0,"5":0},"b":{"0":[14,3],"1":[0,0],"2":[0,0],"3":[0,0],"4":[0,0],"5":[0,0],"6":[0,0],"7":[0,0],"8":[0,0],"9":[0,0],"10":[0,0]},"meta":{"lastBranch":11,"lastFunction":6,"lastStatement":31,"seen":{"s:17:62:51:Infinity":0,"f:53:16:53:38":0,"s:54:2:54:Infinity":1,"b:54:9:54:35:54:35:54:Infinity":0,"f:57:15:57:31":1,"s:58:16:58:Infinity":2,"b:59:2:59:Infinity:undefined:undefined:undefined:undefined":1,"s:59:2:59:Infinity":3,"b:59:6:59:13:59:13:59:37":2,"s:59:37:59:Infinity":4,"s:61:18:64:Infinity":5,"s:66:2:66:Infinity":6,"b:66:9:66:24:66:24:66:Infinity":3,"f:69:16:69:44":2,"s:70:2:103:Infinity":7,"f:70:9:70:16":3,"b:71:4:74:Infinity:undefined:undefined:undefined:undefined":4,"s:71:4:74:Infinity":8,"s:72:6:72:Infinity":9,"s:73:6:73:Infinity":10,"s:76:23:76:Infinity":11,"s:77:18:77:Infinity":12,"b:77:31:77:102:77:102:77:Infinity":5,"b:77:68:77:84:77:84:77:96":6,"b:79:4:82:Infinity:undefined:undefined:undefined:undefined":7,"s:79:4:82:Infinity":13,"b:79:8:79:18:79:18:79:32":8,"s:80:6:80:Infinity":14,"s:81:6:81:Infinity":15,"s:84:19:84:Infinity":16,"s:85:17:85:Infinity":17,"b:87:4:90:Infinity:undefined:undefined:undefined:undefined":9,"s:87:4:90:Infinity":18,"s:88:6:88:Infinity":19,"s:89:6:89:Infinity":20,"s:92:22:92:Infinity":21,"s:93:19:93:Infinity":22,"f:93:39:93:40":4,"s:93:46:93:67":23,"b:95:4:98:Infinity:undefined:undefined:undefined:undefined":10,"s:95:4:98:Infinity":24,"s:96:6:96:Infinity":25,"s:97:6:97:Infinity":26,"s:100:4:100:Infinity":27,"s:101:4:101:Infinity":28,"s:102:4:102:Infinity":29,"f:106:16:106:37":5,"s:107:2:107:Infinity":30}}}
,"/home/runner/workspace/artifacts/api-server/src/middlewares/programmingRbac.ts": {"path":"/home/runner/workspace/artifacts/api-server/src/middlewares/programmingRbac.ts","statementMap":{"0":{"start":{"line":8,"column":16},"end":{"line":8,"column":null}},"1":{"start":{"line":9,"column":2},"end":{"line":9,"column":null}},"2":{"start":{"line":9,"column":12},"end":{"line":9,"column":null}},"3":{"start":{"line":10,"column":2},"end":{"line":10,"column":null}},"4":{"start":{"line":10,"column":30},"end":{"line":10,"column":null}},"5":{"start":{"line":12,"column":18},"end":{"line":15,"column":null}},"6":{"start":{"line":17,"column":2},"end":{"line":17,"column":null}},"7":{"start":{"line":17,"column":13},"end":{"line":17,"column":null}},"8":{"start":{"line":19,"column":19},"end":{"line":22,"column":null}},"9":{"start":{"line":24,"column":2},"end":{"line":24,"column":null}},"10":{"start":{"line":24,"column":14},"end":{"line":24,"column":null}},"11":{"start":{"line":26,"column":2},"end":{"line":26,"column":null}},"12":{"start":{"line":29,"column":39},"end":{"line":29,"column":null}},"13":{"start":{"line":30,"column":38},"end":{"line":30,"column":null}},"14":{"start":{"line":33,"column":2},"end":{"line":57,"column":null}},"15":{"start":{"line":34,"column":4},"end":{"line":37,"column":null}},"16":{"start":{"line":35,"column":6},"end":{"line":35,"column":null}},"17":{"start":{"line":36,"column":6},"end":{"line":36,"column":null}},"18":{"start":{"line":39,"column":23},"end":{"line":39,"column":null}},"19":{"start":{"line":40,"column":18},"end":{"line":40,"column":null}},"20":{"start":{"line":42,"column":4},"end":{"line":45,"column":null}},"21":{"start":{"line":43,"column":6},"end":{"line":43,"column":null}},"22":{"start":{"line":44,"column":6},"end":{"line":44,"column":null}},"23":{"start":{"line":47,"column":19},"end":{"line":47,"column":null}},"24":{"start":{"line":48,"column":17},"end":{"line":48,"column":null}},"25":{"start":{"line":50,"column":4},"end":{"line":53,"column":null}},"26":{"start":{"line":51,"column":6},"end":{"line":51,"column":null}},"27":{"start":{"line":52,"column":6},"end":{"line":52,"column":null}},"28":{"start":{"line":55,"column":4},"end":{"line":55,"column":null}},"29":{"start":{"line":56,"column":4},"end":{"line":56,"column":null}},"30":{"start":{"line":61,"column":2},"end":{"line":85,"column":null}},"31":{"start":{"line":62,"column":4},"end":{"line":65,"column":null}},"32":{"start":{"line":63,"column":6},"end":{"line":63,"column":null}},"33":{"start":{"line":64,"column":6},"end":{"line":64,"column":null}},"34":{"start":{"line":67,"column":23},"end":{"line":67,"column":null}},"35":{"start":{"line":68,"column":18},"end":{"line":68,"column":null}},"36":{"start":{"line":70,"column":4},"end":{"line":73,"column":null}},"37":{"start":{"line":71,"column":6},"end":{"line":71,"column":null}},"38":{"start":{"line":72,"column":6},"end":{"line":72,"column":null}},"39":{"start":{"line":75,"column":19},"end":{"line":75,"column":null}},"40":{"start":{"line":76,"column":17},"end":{"line":76,"column":null}},"41":{"start":{"line":78,"column":4},"end":{"line":81,"column":null}},"42":{"start":{"line":79,"column":6},"end":{"line":79,"column":null}},"43":{"start":{"line":80,"column":6},"end":{"line":80,"column":null}},"44":{"start":{"line":83,"column":4},"end":{"line":83,"column":null}},"45":{"start":{"line":84,"column":4},"end":{"line":84,"column":null}},"46":{"start":{"line":89,"column":2},"end":{"line":89,"column":null}},"47":{"start":{"line":93,"column":2},"end":{"line":93,"column":null}},"48":{"start":{"line":93,"column":25},"end":{"line":93,"column":null}},"49":{"start":{"line":94,"column":34},"end":{"line":94,"column":null}},"50":{"start":{"line":95,"column":2},"end":{"line":95,"column":null}},"51":{"start":{"line":99,"column":2},"end":{"line":99,"column":null}},"52":{"start":{"line":99,"column":25},"end":{"line":99,"column":null}},"53":{"start":{"line":100,"column":34},"end":{"line":100,"column":null}},"54":{"start":{"line":101,"column":2},"end":{"line":106,"column":null}},"55":{"start":{"line":102,"column":4},"end":{"line":105,"column":null}},"56":{"start":{"line":103,"column":48},"end":{"line":103,"column":null}},"57":{"start":{"line":104,"column":6},"end":{"line":104,"column":null}},"58":{"start":{"line":107,"column":2},"end":{"line":107,"column":null}}},"fnMap":{"0":{"name":"resolveUserRole","decl":{"start":{"line":7,"column":15},"end":{"line":7,"column":31}},"loc":{"start":{"line":7,"column":95},"end":{"line":27,"column":null}},"line":7},"1":{"name":"requireProgrammingWrite","decl":{"start":{"line":32,"column":16},"end":{"line":32,"column":42}},"loc":{"start":{"line":32,"column":42},"end":{"line":58,"column":null}},"line":32},"2":{"name":"(anonymous_2)","decl":{"start":{"line":33,"column":9},"end":{"line":33,"column":16}},"loc":{"start":{"line":33,"column":83},"end":{"line":57,"column":null}},"line":33},"3":{"name":"requireProgrammingRead","decl":{"start":{"line":60,"column":16},"end":{"line":60,"column":41}},"loc":{"start":{"line":60,"column":41},"end":{"line":86,"column":null}},"line":60},"4":{"name":"(anonymous_4)","decl":{"start":{"line":61,"column":9},"end":{"line":61,"column":16}},"loc":{"start":{"line":61,"column":83},"end":{"line":85,"column":null}},"line":61},"5":{"name":"isStaffRole","decl":{"start":{"line":88,"column":16},"end":{"line":88,"column":28}},"loc":{"start":{"line":88,"column":60},"end":{"line":90,"column":null}},"line":88},"6":{"name":"stripCoachNotes","decl":{"start":{"line":92,"column":16},"end":{"line":92,"column":63}},"loc":{"start":{"line":92,"column":97},"end":{"line":96,"column":null}},"line":92},"7":{"name":"stripCoachNotesFromDay","decl":{"start":{"line":98,"column":16},"end":{"line":98,"column":39}},"loc":{"start":{"line":98,"column":77},"end":{"line":108,"column":null}},"line":98},"8":{"name":"(anonymous_8)","decl":{"start":{"line":102,"column":38},"end":{"line":102,"column":39}},"loc":{"start":{"line":102,"column":50},"end":{"line":105,"column":5}},"line":102}},"branchMap":{"0":{"loc":{"start":{"line":9,"column":2},"end":{"line":9,"column":null}},"type":"if","locations":[{"start":{"line":9,"column":2},"end":{"line":9,"column":null}},{"start":{},"end":{}}],"line":9},"1":{"loc":{"start":{"line":10,"column":2},"end":{"line":10,"column":null}},"type":"if","locations":[{"start":{"line":10,"column":2},"end":{"line":10,"column":null}},{"start":{},"end":{}}],"line":10},"2":{"loc":{"start":{"line":17,"column":2},"end":{"line":17,"column":null}},"type":"if","locations":[{"start":{"line":17,"column":2},"end":{"line":17,"column":null}},{"start":{},"end":{}}],"line":17},"3":{"loc":{"start":{"line":24,"column":2},"end":{"line":24,"column":null}},"type":"if","locations":[{"start":{"line":24,"column":2},"end":{"line":24,"column":null}},{"start":{},"end":{}}],"line":24},"4":{"loc":{"start":{"line":34,"column":4},"end":{"line":37,"column":null}},"type":"if","locations":[{"start":{"line":34,"column":4},"end":{"line":37,"column":null}},{"start":{},"end":{}}],"line":34},"5":{"loc":{"start":{"line":40,"column":18},"end":{"line":40,"column":null}},"type":"cond-expr","locations":[{"start":{"line":40,"column":31},"end":{"line":40,"column":102}},{"start":{"line":40,"column":102},"end":{"line":40,"column":null}}],"line":40},"6":{"loc":{"start":{"line":40,"column":40},"end":{"line":40,"column":96}},"type":"cond-expr","locations":[{"start":{"line":40,"column":68},"end":{"line":40,"column":84}},{"start":{"line":40,"column":84},"end":{"line":40,"column":96}}],"line":40},"7":{"loc":{"start":{"line":42,"column":4},"end":{"line":45,"column":null}},"type":"if","locations":[{"start":{"line":42,"column":4},"end":{"line":45,"column":null}},{"start":{},"end":{}}],"line":42},"8":{"loc":{"start":{"line":42,"column":8},"end":{"line":42,"column":32}},"type":"binary-expr","locations":[{"start":{"line":42,"column":8},"end":{"line":42,"column":18}},{"start":{"line":42,"column":18},"end":{"line":42,"column":32}}],"line":42},"9":{"loc":{"start":{"line":50,"column":4},"end":{"line":53,"column":null}},"type":"if","locations":[{"start":{"line":50,"column":4},"end":{"line":53,"column":null}},{"start":{},"end":{}}],"line":50},"10":{"loc":{"start":{"line":50,"column":8},"end":{"line":50,"column":46}},"type":"binary-expr","locations":[{"start":{"line":50,"column":8},"end":{"line":50,"column":17}},{"start":{"line":50,"column":17},"end":{"line":50,"column":46}}],"line":50},"11":{"loc":{"start":{"line":62,"column":4},"end":{"line":65,"column":null}},"type":"if","locations":[{"start":{"line":62,"column":4},"end":{"line":65,"column":null}},{"start":{},"end":{}}],"line":62},"12":{"loc":{"start":{"line":68,"column":18},"end":{"line":68,"column":null}},"type":"cond-expr","locations":[{"start":{"line":68,"column":31},"end":{"line":68,"column":102}},{"start":{"line":68,"column":102},"end":{"line":68,"column":null}}],"line":68},"13":{"loc":{"start":{"line":68,"column":40},"end":{"line":68,"column":96}},"type":"cond-expr","locations":[{"start":{"line":68,"column":68},"end":{"line":68,"column":84}},{"start":{"line":68,"column":84},"end":{"line":68,"column":96}}],"line":68},"14":{"loc":{"start":{"line":70,"column":4},"end":{"line":73,"column":null}},"type":"if","locations":[{"start":{"line":70,"column":4},"end":{"line":73,"column":null}},{"start":{},"end":{}}],"line":70},"15":{"loc":{"start":{"line":70,"column":8},"end":{"line":70,"column":32}},"type":"binary-expr","locations":[{"start":{"line":70,"column":8},"end":{"line":70,"column":18}},{"start":{"line":70,"column":18},"end":{"line":70,"column":32}}],"line":70},"16":{"loc":{"start":{"line":78,"column":4},"end":{"line":81,"column":null}},"type":"if","locations":[{"start":{"line":78,"column":4},"end":{"line":81,"column":null}},{"start":{},"end":{}}],"line":78},"17":{"loc":{"start":{"line":78,"column":8},"end":{"line":78,"column":45}},"type":"binary-expr","locations":[{"start":{"line":78,"column":8},"end":{"line":78,"column":17}},{"start":{"line":78,"column":17},"end":{"line":78,"column":45}}],"line":78},"18":{"loc":{"start":{"line":93,"column":2},"end":{"line":93,"column":null}},"type":"if","locations":[{"start":{"line":93,"column":2},"end":{"line":93,"column":null}},{"start":{},"end":{}}],"line":93},"19":{"loc":{"start":{"line":99,"column":2},"end":{"line":99,"column":null}},"type":"if","locations":[{"start":{"line":99,"column":2},"end":{"line":99,"column":null}},{"start":{},"end":{}}],"line":99},"20":{"loc":{"start":{"line":101,"column":2},"end":{"line":106,"column":null}},"type":"if","locations":[{"start":{"line":101,"column":2},"end":{"line":106,"column":null}},{"start":{},"end":{}}],"line":101}},"s":{"0":0,"1":0,"2":0,"3":0,"4":0,"5":0,"6":0,"7":0,"8":0,"9":0,"10":0,"11":0,"12":1,"13":1,"14":0,"15":0,"16":0,"17":0,"18":0,"19":0,"20":0,"21":0,"22":0,"23":0,"24":0,"25":0,"26":0,"27":0,"28":0,"29":0,"30":0,"31":0,"32":0,"33":0,"34":0,"35":0,"36":0,"37":0,"38":0,"39":0,"40":0,"41":0,"42":0,"43":0,"44":0,"45":0,"46":15,"47":6,"48":3,"49":3,"50":3,"51":4,"52":1,"53":3,"54":3,"55":2,"56":2,"57":2,"58":3},"f":{"0":0,"1":0,"2":0,"3":0,"4":0,"5":15,"6":6,"7":4,"8":2},"b":{"0":[0,0],"1":[0,0],"2":[0,0],"3":[0,0],"4":[0,0],"5":[0,0],"6":[0,0],"7":[0,0],"8":[0,0],"9":[0,0],"10":[0,0],"11":[0,0],"12":[0,0],"13":[0,0],"14":[0,0],"15":[0,0],"16":[0,0],"17":[0,0],"18":[3,3],"19":[1,3],"20":[2,1]},"meta":{"lastBranch":21,"lastFunction":9,"lastStatement":59,"seen":{"f:7:15:7:31":0,"s:8:16:8:Infinity":0,"b:9:2:9:Infinity:undefined:undefined:undefined:undefined":0,"s:9:2:9:Infinity":1,"s:9:12:9:Infinity":2,"b:10:2:10:Infinity:undefined:undefined:undefined:undefined":1,"s:10:2:10:Infinity":3,"s:10:30:10:Infinity":4,"s:12:18:15:Infinity":5,"b:17:2:17:Infinity:undefined:undefined:undefined:undefined":2,"s:17:2:17:Infinity":6,"s:17:13:17:Infinity":7,"s:19:19:22:Infinity":8,"b:24:2:24:Infinity:undefined:undefined:undefined:undefined":3,"s:24:2:24:Infinity":9,"s:24:14:24:Infinity":10,"s:26:2:26:Infinity":11,"s:29:39:29:Infinity":12,"s:30:38:30:Infinity":13,"f:32:16:32:42":1,"s:33:2:57:Infinity":14,"f:33:9:33:16":2,"b:34:4:37:Infinity:undefined:undefined:undefined:undefined":4,"s:34:4:37:Infinity":15,"s:35:6:35:Infinity":16,"s:36:6:36:Infinity":17,"s:39:23:39:Infinity":18,"s:40:18:40:Infinity":19,"b:40:31:40:102:40:102:40:Infinity":5,"b:40:68:40:84:40:84:40:96":6,"b:42:4:45:Infinity:undefined:undefined:undefined:undefined":7,"s:42:4:45:Infinity":20,"b:42:8:42:18:42:18:42:32":8,"s:43:6:43:Infinity":21,"s:44:6:44:Infinity":22,"s:47:19:47:Infinity":23,"s:48:17:48:Infinity":24,"b:50:4:53:Infinity:undefined:undefined:undefined:undefined":9,"s:50:4:53:Infinity":25,"b:50:8:50:17:50:17:50:46":10,"s:51:6:51:Infinity":26,"s:52:6:52:Infinity":27,"s:55:4:55:Infinity":28,"s:56:4:56:Infinity":29,"f:60:16:60:41":3,"s:61:2:85:Infinity":30,"f:61:9:61:16":4,"b:62:4:65:Infinity:undefined:undefined:undefined:undefined":11,"s:62:4:65:Infinity":31,"s:63:6:63:Infinity":32,"s:64:6:64:Infinity":33,"s:67:23:67:Infinity":34,"s:68:18:68:Infinity":35,"b:68:31:68:102:68:102:68:Infinity":12,"b:68:68:68:84:68:84:68:96":13,"b:70:4:73:Infinity:undefined:undefined:undefined:undefined":14,"s:70:4:73:Infinity":36,"b:70:8:70:18:70:18:70:32":15,"s:71:6:71:Infinity":37,"s:72:6:72:Infinity":38,"s:75:19:75:Infinity":39,"s:76:17:76:Infinity":40,"b:78:4:81:Infinity:undefined:undefined:undefined:undefined":16,"s:78:4:81:Infinity":41,"b:78:8:78:17:78:17:78:45":17,"s:79:6:79:Infinity":42,"s:80:6:80:Infinity":43,"s:83:4:83:Infinity":44,"s:84:4:84:Infinity":45,"f:88:16:88:28":5,"s:89:2:89:Infinity":46,"f:92:16:92:63":6,"b:93:2:93:Infinity:undefined:undefined:undefined:undefined":18,"s:93:2:93:Infinity":47,"s:93:25:93:Infinity":48,"s:94:34:94:Infinity":49,"s:95:2:95:Infinity":50,"f:98:16:98:39":7,"b:99:2:99:Infinity:undefined:undefined:undefined:undefined":19,"s:99:2:99:Infinity":51,"s:99:25:99:Infinity":52,"s:100:34:100:Infinity":53,"b:101:2:106:Infinity:undefined:undefined:undefined:undefined":20,"s:101:2:106:Infinity":54,"s:102:4:105:Infinity":55,"f:102:38:102:39":8,"s:103:48:103:Infinity":56,"s:104:6:104:Infinity":57,"s:107:2:107:Infinity":58}}}
,"/home/runner/workspace/artifacts/api-server/src/middlewares/requireGymAccess.ts": {"path":"/home/runner/workspace/artifacts/api-server/src/middlewares/requireGymAccess.ts","statementMap":{"0":{"start":{"line":33,"column":16},"end":{"line":33,"column":null}},"1":{"start":{"line":34,"column":2},"end":{"line":34,"column":null}},"2":{"start":{"line":34,"column":12},"end":{"line":34,"column":null}},"3":{"start":{"line":37,"column":2},"end":{"line":37,"column":null}},"4":{"start":{"line":37,"column":30},"end":{"line":37,"column":null}},"5":{"start":{"line":40,"column":18},"end":{"line":43,"column":null}},"6":{"start":{"line":45,"column":2},"end":{"line":45,"column":null}},"7":{"start":{"line":56,"column":2},"end":{"line":59,"column":null}},"8":{"start":{"line":57,"column":4},"end":{"line":57,"column":null}},"9":{"start":{"line":58,"column":4},"end":{"line":58,"column":null}},"10":{"start":{"line":61,"column":14},"end":{"line":61,"column":null}},"11":{"start":{"line":62,"column":16},"end":{"line":62,"column":null}},"12":{"start":{"line":64,"column":2},"end":{"line":67,"column":null}},"13":{"start":{"line":65,"column":4},"end":{"line":65,"column":null}},"14":{"start":{"line":66,"column":4},"end":{"line":66,"column":null}},"15":{"start":{"line":69,"column":17},"end":{"line":69,"column":null}},"16":{"start":{"line":71,"column":2},"end":{"line":90,"column":null}},"17":{"start":{"line":72,"column":4},"end":{"line":76,"column":null}},"18":{"start":{"line":73,"column":6},"end":{"line":73,"column":null}},"19":{"start":{"line":74,"column":6},"end":{"line":74,"column":null}},"20":{"start":{"line":75,"column":6},"end":{"line":75,"column":null}},"21":{"start":{"line":78,"column":4},"end":{"line":82,"column":null}},"22":{"start":{"line":79,"column":6},"end":{"line":79,"column":null}},"23":{"start":{"line":80,"column":6},"end":{"line":80,"column":null}},"24":{"start":{"line":81,"column":6},"end":{"line":81,"column":null}},"25":{"start":{"line":84,"column":4},"end":{"line":84,"column":null}},"26":{"start":{"line":85,"column":4},"end":{"line":85,"column":null}},"27":{"start":{"line":86,"column":4},"end":{"line":86,"column":null}},"28":{"start":{"line":88,"column":4},"end":{"line":88,"column":null}},"29":{"start":{"line":89,"column":4},"end":{"line":89,"column":null}}},"fnMap":{"0":{"name":"resolveGymRole","decl":{"start":{"line":32,"column":15},"end":{"line":32,"column":30}},"loc":{"start":{"line":32,"column":115},"end":{"line":46,"column":null}},"line":32},"1":{"name":"requireGymAccess","decl":{"start":{"line":55,"column":16},"end":{"line":55,"column":33}},"loc":{"start":{"line":55,"column":88},"end":{"line":91,"column":null}},"line":55},"2":{"name":"(anonymous_2)","decl":{"start":{"line":71,"column":37},"end":{"line":71,"column":38}},"loc":{"start":{"line":71,"column":62},"end":{"line":87,"column":3}},"line":71},"3":{"name":"(anonymous_3)","decl":{"start":{"line":87,"column":11},"end":{"line":87,"column":12}},"loc":{"start":{"line":87,"column":20},"end":{"line":90,"column":3}},"line":87}},"branchMap":{"0":{"loc":{"start":{"line":34,"column":2},"end":{"line":34,"column":null}},"type":"if","locations":[{"start":{"line":34,"column":2},"end":{"line":34,"column":null}},{"start":{},"end":{}}],"line":34},"1":{"loc":{"start":{"line":37,"column":2},"end":{"line":37,"column":null}},"type":"if","locations":[{"start":{"line":37,"column":2},"end":{"line":37,"column":null}},{"start":{},"end":{}}],"line":37},"2":{"loc":{"start":{"line":45,"column":17},"end":{"line":45,"column":38}},"type":"binary-expr","locations":[{"start":{"line":45,"column":17},"end":{"line":45,"column":32}},{"start":{"line":45,"column":32},"end":{"line":45,"column":38}}],"line":45},"3":{"loc":{"start":{"line":56,"column":2},"end":{"line":59,"column":null}},"type":"if","locations":[{"start":{"line":56,"column":2},"end":{"line":59,"column":null}},{"start":{},"end":{}}],"line":56},"4":{"loc":{"start":{"line":61,"column":14},"end":{"line":61,"column":null}},"type":"cond-expr","locations":[{"start":{"line":61,"column":48},"end":{"line":61,"column":70}},{"start":{"line":61,"column":70},"end":{"line":61,"column":null}}],"line":61},"5":{"loc":{"start":{"line":64,"column":2},"end":{"line":67,"column":null}},"type":"if","locations":[{"start":{"line":64,"column":2},"end":{"line":67,"column":null}},{"start":{},"end":{}}],"line":64},"6":{"loc":{"start":{"line":64,"column":6},"end":{"line":64,"column":30}},"type":"binary-expr","locations":[{"start":{"line":64,"column":6},"end":{"line":64,"column":16}},{"start":{"line":64,"column":16},"end":{"line":64,"column":30}}],"line":64},"7":{"loc":{"start":{"line":72,"column":4},"end":{"line":76,"column":null}},"type":"if","locations":[{"start":{"line":72,"column":4},"end":{"line":76,"column":null}},{"start":{},"end":{}}],"line":72},"8":{"loc":{"start":{"line":78,"column":4},"end":{"line":82,"column":null}},"type":"if","locations":[{"start":{"line":78,"column":4},"end":{"line":82,"column":null}},{"start":{},"end":{}}],"line":78}},"s":{"0":6,"1":6,"2":1,"3":5,"4":5,"5":3,"6":3,"7":9,"8":1,"9":1,"10":8,"11":9,"12":9,"13":2,"14":2,"15":6,"16":6,"17":6,"18":1,"19":1,"20":1,"21":5,"22":2,"23":2,"24":2,"25":3,"26":3,"27":3,"28":0,"29":0},"f":{"0":6,"1":9,"2":6,"3":0},"b":{"0":[1,5],"1":[2,3],"2":[3,2],"3":[1,8],"4":[1,7],"5":[2,7],"6":[9,6],"7":[1,5],"8":[2,3]},"meta":{"lastBranch":9,"lastFunction":4,"lastStatement":30,"seen":{"f:32:15:32:30":0,"s:33:16:33:Infinity":0,"b:34:2:34:Infinity:undefined:undefined:undefined:undefined":0,"s:34:2:34:Infinity":1,"s:34:12:34:Infinity":2,"b:37:2:37:Infinity:undefined:undefined:undefined:undefined":1,"s:37:2:37:Infinity":3,"s:37:30:37:Infinity":4,"s:40:18:43:Infinity":5,"s:45:2:45:Infinity":6,"b:45:17:45:32:45:32:45:38":2,"f:55:16:55:33":1,"b:56:2:59:Infinity:undefined:undefined:undefined:undefined":3,"s:56:2:59:Infinity":7,"s:57:4:57:Infinity":8,"s:58:4:58:Infinity":9,"s:61:14:61:Infinity":10,"b:61:48:61:70:61:70:61:Infinity":4,"s:62:16:62:Infinity":11,"b:64:2:67:Infinity:undefined:undefined:undefined:undefined":5,"s:64:2:67:Infinity":12,"b:64:6:64:16:64:16:64:30":6,"s:65:4:65:Infinity":13,"s:66:4:66:Infinity":14,"s:69:17:69:Infinity":15,"s:71:2:90:Infinity":16,"f:71:37:71:38":2,"b:72:4:76:Infinity:undefined:undefined:undefined:undefined":7,"s:72:4:76:Infinity":17,"s:73:6:73:Infinity":18,"s:74:6:74:Infinity":19,"s:75:6:75:Infinity":20,"b:78:4:82:Infinity:undefined:undefined:undefined:undefined":8,"s:78:4:82:Infinity":21,"s:79:6:79:Infinity":22,"s:80:6:80:Infinity":23,"s:81:6:81:Infinity":24,"s:84:4:84:Infinity":25,"s:85:4:85:Infinity":26,"s:86:4:86:Infinity":27,"f:87:11:87:12":3,"s:88:4:88:Infinity":28,"s:89:4:89:Infinity":29}}}
,"/home/runner/workspace/artifacts/api-server/src/middlewares/scheduleRbac.ts": {"path":"/home/runner/workspace/artifacts/api-server/src/middlewares/scheduleRbac.ts","statementMap":{"0":{"start":{"line":5,"column":37},"end":{"line":5,"column":null}},"1":{"start":{"line":6,"column":42},"end":{"line":6,"column":null}},"2":{"start":{"line":7,"column":35},"end":{"line":7,"column":null}},"3":{"start":{"line":10,"column":2},"end":{"line":10,"column":null}},"4":{"start":{"line":14,"column":2},"end":{"line":14,"column":null}},"5":{"start":{"line":18,"column":2},"end":{"line":18,"column":null}},"6":{"start":{"line":22,"column":2},"end":{"line":29,"column":null}},"7":{"start":{"line":23,"column":17},"end":{"line":23,"column":null}},"8":{"start":{"line":24,"column":4},"end":{"line":27,"column":null}},"9":{"start":{"line":25,"column":6},"end":{"line":25,"column":null}},"10":{"start":{"line":26,"column":6},"end":{"line":26,"column":null}},"11":{"start":{"line":28,"column":4},"end":{"line":28,"column":null}},"12":{"start":{"line":33,"column":2},"end":{"line":40,"column":null}},"13":{"start":{"line":34,"column":17},"end":{"line":34,"column":null}},"14":{"start":{"line":35,"column":4},"end":{"line":38,"column":null}},"15":{"start":{"line":36,"column":6},"end":{"line":36,"column":null}},"16":{"start":{"line":37,"column":6},"end":{"line":37,"column":null}},"17":{"start":{"line":39,"column":4},"end":{"line":39,"column":null}}},"fnMap":{"0":{"name":"canManageSchedule","decl":{"start":{"line":9,"column":16},"end":{"line":9,"column":34}},"loc":{"start":{"line":9,"column":63},"end":{"line":11,"column":null}},"line":9},"1":{"name":"canOperateSchedule","decl":{"start":{"line":13,"column":16},"end":{"line":13,"column":35}},"loc":{"start":{"line":13,"column":64},"end":{"line":15,"column":null}},"line":13},"2":{"name":"canViewSchedule","decl":{"start":{"line":17,"column":16},"end":{"line":17,"column":32}},"loc":{"start":{"line":17,"column":61},"end":{"line":19,"column":null}},"line":17},"3":{"name":"requireScheduleManage","decl":{"start":{"line":21,"column":16},"end":{"line":21,"column":40}},"loc":{"start":{"line":21,"column":40},"end":{"line":30,"column":null}},"line":21},"4":{"name":"(anonymous_4)","decl":{"start":{"line":22,"column":9},"end":{"line":22,"column":10}},"loc":{"start":{"line":22,"column":68},"end":{"line":29,"column":null}},"line":22},"5":{"name":"requireScheduleOperate","decl":{"start":{"line":32,"column":16},"end":{"line":32,"column":41}},"loc":{"start":{"line":32,"column":41},"end":{"line":41,"column":null}},"line":32},"6":{"name":"(anonymous_6)","decl":{"start":{"line":33,"column":9},"end":{"line":33,"column":10}},"loc":{"start":{"line":33,"column":68},"end":{"line":40,"column":null}},"line":33}},"branchMap":{"0":{"loc":{"start":{"line":24,"column":4},"end":{"line":27,"column":null}},"type":"if","locations":[{"start":{"line":24,"column":4},"end":{"line":27,"column":null}},{"start":{},"end":{}}],"line":24},"1":{"loc":{"start":{"line":24,"column":8},"end":{"line":24,"column":59}},"type":"binary-expr","locations":[{"start":{"line":24,"column":8},"end":{"line":24,"column":17}},{"start":{"line":24,"column":17},"end":{"line":24,"column":59}}],"line":24},"2":{"loc":{"start":{"line":35,"column":4},"end":{"line":38,"column":null}},"type":"if","locations":[{"start":{"line":35,"column":4},"end":{"line":38,"column":null}},{"start":{},"end":{}}],"line":35},"3":{"loc":{"start":{"line":35,"column":8},"end":{"line":35,"column":60}},"type":"binary-expr","locations":[{"start":{"line":35,"column":8},"end":{"line":35,"column":17}},{"start":{"line":35,"column":17},"end":{"line":35,"column":60}}],"line":35}},"s":{"0":1,"1":1,"2":1,"3":9,"4":9,"5":6,"6":4,"7":4,"8":4,"9":2,"10":2,"11":2,"12":4,"13":4,"14":4,"15":2,"16":2,"17":2},"f":{"0":9,"1":9,"2":6,"3":4,"4":4,"5":4,"6":4},"b":{"0":[2,2],"1":[4,3],"2":[2,2],"3":[4,3]},"meta":{"lastBranch":4,"lastFunction":7,"lastStatement":18,"seen":{"s:5:37:5:Infinity":0,"s:6:42:6:Infinity":1,"s:7:35:7:Infinity":2,"f:9:16:9:34":0,"s:10:2:10:Infinity":3,"f:13:16:13:35":1,"s:14:2:14:Infinity":4,"f:17:16:17:32":2,"s:18:2:18:Infinity":5,"f:21:16:21:40":3,"s:22:2:29:Infinity":6,"f:22:9:22:10":4,"s:23:17:23:Infinity":7,"b:24:4:27:Infinity:undefined:undefined:undefined:undefined":0,"s:24:4:27:Infinity":8,"b:24:8:24:17:24:17:24:59":1,"s:25:6:25:Infinity":9,"s:26:6:26:Infinity":10,"s:28:4:28:Infinity":11,"f:32:16:32:41":5,"s:33:2:40:Infinity":12,"f:33:9:33:10":6,"s:34:17:34:Infinity":13,"b:35:4:38:Infinity:undefined:undefined:undefined:undefined":2,"s:35:4:38:Infinity":14,"b:35:8:35:17:35:17:35:60":3,"s:36:6:36:Infinity":15,"s:37:6:37:Infinity":16,"s:39:4:39:Infinity":17}}}
,"/home/runner/workspace/artifacts/api-server/src/routes/intelligence.ts": {"path":"/home/runner/workspace/artifacts/api-server/src/routes/intelligence.ts","statementMap":{"0":{"start":{"line":26,"column":6},"end":{"line":26,"column":null}},"1":{"start":{"line":36,"column":14},"end":{"line":36,"column":null}},"2":{"start":{"line":37,"column":13},"end":{"line":37,"column":null}},"3":{"start":{"line":38,"column":2},"end":{"line":38,"column":null}},"4":{"start":{"line":78,"column":20},"end":{"line":78,"column":null}},"5":{"start":{"line":79,"column":18},"end":{"line":79,"column":null}},"6":{"start":{"line":80,"column":21},"end":{"line":80,"column":null}},"7":{"start":{"line":81,"column":21},"end":{"line":81,"column":null}},"8":{"start":{"line":83,"column":18},"end":{"line":83,"column":null}},"9":{"start":{"line":84,"column":16},"end":{"line":84,"column":null}},"10":{"start":{"line":85,"column":15},"end":{"line":85,"column":null}},"11":{"start":{"line":87,"column":2},"end":{"line":97,"column":null}},"12":{"start":{"line":117,"column":24},"end":{"line":117,"column":null}},"13":{"start":{"line":118,"column":27},"end":{"line":118,"column":null}},"14":{"start":{"line":119,"column":23},"end":{"line":119,"column":null}},"15":{"start":{"line":121,"column":16},"end":{"line":121,"column":null}},"16":{"start":{"line":122,"column":17},"end":{"line":122,"column":null}},"17":{"start":{"line":123,"column":20},"end":{"line":123,"column":null}},"18":{"start":{"line":124,"column":20},"end":{"line":124,"column":null}},"19":{"start":{"line":126,"column":15},"end":{"line":126,"column":null}},"20":{"start":{"line":127,"column":19},"end":{"line":127,"column":null}},"21":{"start":{"line":127,"column":43},"end":{"line":127,"column":78}},"22":{"start":{"line":128,"column":17},"end":{"line":128,"column":null}},"23":{"start":{"line":129,"column":20},"end":{"line":129,"column":null}},"24":{"start":{"line":130,"column":20},"end":{"line":130,"column":null}},"25":{"start":{"line":132,"column":2},"end":{"line":132,"column":null}},"26":{"start":{"line":168,"column":18},"end":{"line":168,"column":null}},"27":{"start":{"line":170,"column":2},"end":{"line":202,"column":null}},"28":{"start":{"line":171,"column":16},"end":{"line":171,"column":null}},"29":{"start":{"line":173,"column":31},"end":{"line":173,"column":null}},"30":{"start":{"line":175,"column":28},"end":{"line":175,"column":null}},"31":{"start":{"line":177,"column":22},"end":{"line":177,"column":null}},"32":{"start":{"line":178,"column":21},"end":{"line":178,"column":null}},"33":{"start":{"line":180,"column":30},"end":{"line":180,"column":null}},"34":{"start":{"line":181,"column":4},"end":{"line":181,"column":null}},"35":{"start":{"line":181,"column":33},"end":{"line":181,"column":null}},"36":{"start":{"line":182,"column":4},"end":{"line":182,"column":null}},"37":{"start":{"line":182,"column":67},"end":{"line":182,"column":null}},"38":{"start":{"line":183,"column":4},"end":{"line":183,"column":null}},"39":{"start":{"line":183,"column":31},"end":{"line":183,"column":null}},"40":{"start":{"line":186,"column":16},"end":{"line":186,"column":null}},"41":{"start":{"line":187,"column":4},"end":{"line":201,"column":null}},"42":{"start":{"line":202,"column":20},"end":{"line":202,"column":45}},"43":{"start":{"line":225,"column":25},"end":{"line":228,"column":null}},"44":{"start":{"line":229,"column":22},"end":{"line":229,"column":null}},"45":{"start":{"line":231,"column":26},"end":{"line":231,"column":null}},"46":{"start":{"line":232,"column":21},"end":{"line":232,"column":null}},"47":{"start":{"line":234,"column":24},"end":{"line":300,"column":null}},"48":{"start":{"line":256,"column":53},"end":{"line":256,"column":88}},"49":{"start":{"line":302,"column":2},"end":{"line":302,"column":null}},"50":{"start":{"line":313,"column":0},"end":{"line":335,"column":null}},"51":{"start":{"line":314,"column":16},"end":{"line":314,"column":null}},"52":{"start":{"line":315,"column":2},"end":{"line":315,"column":null}},"53":{"start":{"line":315,"column":16},"end":{"line":315,"column":67}},"54":{"start":{"line":315,"column":67},"end":{"line":315,"column":75}},"55":{"start":{"line":317,"column":2},"end":{"line":334,"column":null}},"56":{"start":{"line":318,"column":20},"end":{"line":318,"column":null}},"57":{"start":{"line":319,"column":16},"end":{"line":319,"column":null}},"58":{"start":{"line":321,"column":4},"end":{"line":330,"column":null}},"59":{"start":{"line":332,"column":4},"end":{"line":332,"column":null}},"60":{"start":{"line":333,"column":4},"end":{"line":333,"column":null}},"61":{"start":{"line":338,"column":0},"end":{"line":349,"column":null}},"62":{"start":{"line":339,"column":16},"end":{"line":339,"column":null}},"63":{"start":{"line":340,"column":2},"end":{"line":340,"column":null}},"64":{"start":{"line":340,"column":16},"end":{"line":340,"column":67}},"65":{"start":{"line":340,"column":67},"end":{"line":340,"column":75}},"66":{"start":{"line":342,"column":2},"end":{"line":348,"column":null}},"67":{"start":{"line":343,"column":21},"end":{"line":343,"column":null}},"68":{"start":{"line":344,"column":4},"end":{"line":344,"column":null}},"69":{"start":{"line":346,"column":4},"end":{"line":346,"column":null}},"70":{"start":{"line":347,"column":4},"end":{"line":347,"column":null}},"71":{"start":{"line":352,"column":0},"end":{"line":363,"column":null}},"72":{"start":{"line":353,"column":16},"end":{"line":353,"column":null}},"73":{"start":{"line":354,"column":2},"end":{"line":354,"column":null}},"74":{"start":{"line":354,"column":16},"end":{"line":354,"column":67}},"75":{"start":{"line":354,"column":67},"end":{"line":354,"column":75}},"76":{"start":{"line":356,"column":2},"end":{"line":362,"column":null}},"77":{"start":{"line":357,"column":26},"end":{"line":357,"column":null}},"78":{"start":{"line":358,"column":4},"end":{"line":358,"column":null}},"79":{"start":{"line":360,"column":4},"end":{"line":360,"column":null}},"80":{"start":{"line":361,"column":4},"end":{"line":361,"column":null}},"81":{"start":{"line":374,"column":0},"end":{"line":422,"column":null}},"82":{"start":{"line":375,"column":16},"end":{"line":375,"column":null}},"83":{"start":{"line":376,"column":2},"end":{"line":376,"column":null}},"84":{"start":{"line":376,"column":16},"end":{"line":376,"column":67}},"85":{"start":{"line":376,"column":67},"end":{"line":376,"column":75}},"86":{"start":{"line":378,"column":2},"end":{"line":421,"column":null}},"87":{"start":{"line":379,"column":20},"end":{"line":379,"column":null}},"88":{"start":{"line":381,"column":16},"end":{"line":381,"column":null}},"89":{"start":{"line":382,"column":57},"end":{"line":382,"column":null}},"90":{"start":{"line":383,"column":4},"end":{"line":387,"column":null}},"91":{"start":{"line":383,"column":17},"end":{"line":383,"column":20}},"92":{"start":{"line":384,"column":16},"end":{"line":384,"column":null}},"93":{"start":{"line":385,"column":18},"end":{"line":385,"column":null}},"94":{"start":{"line":386,"column":6},"end":{"line":386,"column":null}},"95":{"start":{"line":389,"column":4},"end":{"line":395,"column":null}},"96":{"start":{"line":390,"column":6},"end":{"line":390,"column":null}},"97":{"start":{"line":390,"column":23},"end":{"line":390,"column":null}},"98":{"start":{"line":391,"column":24},"end":{"line":391,"column":null}},"99":{"start":{"line":392,"column":6},"end":{"line":394,"column":null}},"100":{"start":{"line":393,"column":8},"end":{"line":393,"column":null}},"101":{"start":{"line":397,"column":20},"end":{"line":415,"column":null}},"102":{"start":{"line":398,"column":23},"end":{"line":398,"column":null}},"103":{"start":{"line":399,"column":26},"end":{"line":399,"column":null}},"104":{"start":{"line":399,"column":52},"end":{"line":399,"column":73}},"105":{"start":{"line":400,"column":22},"end":{"line":400,"column":null}},"106":{"start":{"line":402,"column":6},"end":{"line":414,"column":null}},"107":{"start":{"line":413,"column":78},"end":{"line":413,"column":87}},"108":{"start":{"line":417,"column":4},"end":{"line":417,"column":null}},"109":{"start":{"line":419,"column":4},"end":{"line":419,"column":null}},"110":{"start":{"line":420,"column":4},"end":{"line":420,"column":null}},"111":{"start":{"line":436,"column":0},"end":{"line":471,"column":null}},"112":{"start":{"line":437,"column":16},"end":{"line":437,"column":null}},"113":{"start":{"line":438,"column":2},"end":{"line":438,"column":null}},"114":{"start":{"line":438,"column":16},"end":{"line":438,"column":67}},"115":{"start":{"line":438,"column":67},"end":{"line":438,"column":75}},"116":{"start":{"line":440,"column":2},"end":{"line":470,"column":null}},"117":{"start":{"line":441,"column":17},"end":{"line":441,"column":null}},"118":{"start":{"line":442,"column":23},"end":{"line":442,"column":null}},"119":{"start":{"line":442,"column":47},"end":{"line":442,"column":82}},"120":{"start":{"line":443,"column":25},"end":{"line":443,"column":null}},"121":{"start":{"line":444,"column":29},"end":{"line":444,"column":null}},"122":{"start":{"line":445,"column":18},"end":{"line":445,"column":null}},"123":{"start":{"line":446,"column":22},"end":{"line":446,"column":null}},"124":{"start":{"line":448,"column":4},"end":{"line":466,"column":null}},"125":{"start":{"line":468,"column":4},"end":{"line":468,"column":null}},"126":{"start":{"line":469,"column":4},"end":{"line":469,"column":null}},"127":{"start":{"line":478,"column":0},"end":{"line":525,"column":null}},"128":{"start":{"line":479,"column":16},"end":{"line":479,"column":null}},"129":{"start":{"line":480,"column":2},"end":{"line":480,"column":null}},"130":{"start":{"line":480,"column":16},"end":{"line":480,"column":67}},"131":{"start":{"line":480,"column":67},"end":{"line":480,"column":75}},"132":{"start":{"line":482,"column":2},"end":{"line":524,"column":null}},"133":{"start":{"line":483,"column":20},"end":{"line":483,"column":null}},"134":{"start":{"line":484,"column":16},"end":{"line":484,"column":null}},"135":{"start":{"line":485,"column":20},"end":{"line":494,"column":null}},"136":{"start":{"line":496,"column":18},"end":{"line":496,"column":null}},"137":{"start":{"line":497,"column":26},"end":{"line":497,"column":null}},"138":{"start":{"line":499,"column":23},"end":{"line":499,"column":null}},"139":{"start":{"line":500,"column":21},"end":{"line":511,"column":null}},"140":{"start":{"line":513,"column":4},"end":{"line":520,"column":null}},"141":{"start":{"line":522,"column":4},"end":{"line":522,"column":null}},"142":{"start":{"line":523,"column":4},"end":{"line":523,"column":null}}},"fnMap":{"0":{"name":"parseGymId","decl":{"start":{"line":35,"column":9},"end":{"line":35,"column":20}},"loc":{"start":{"line":35,"column":48},"end":{"line":39,"column":null}},"line":35},"1":{"name":"computeRSI","decl":{"start":{"line":76,"column":9},"end":{"line":76,"column":20}},"loc":{"start":{"line":76,"column":102},"end":{"line":98,"column":null}},"line":76},"2":{"name":"getGymMetrics","decl":{"start":{"line":116,"column":15},"end":{"line":116,"column":29}},"loc":{"start":{"line":116,"column":44},"end":{"line":133,"column":null}},"line":116},"3":{"name":"(anonymous_3)","decl":{"start":{"line":127,"column":31},"end":{"line":127,"column":32}},"loc":{"start":{"line":127,"column":43},"end":{"line":127,"column":78}},"line":127},"4":{"name":"getRiskProfiles","decl":{"start":{"line":167,"column":15},"end":{"line":167,"column":31}},"loc":{"start":{"line":167,"column":46},"end":{"line":203,"column":null}},"line":167},"5":{"name":"(anonymous_5)","decl":{"start":{"line":170,"column":21},"end":{"line":170,"column":22}},"loc":{"start":{"line":170,"column":28},"end":{"line":202,"column":3}},"line":170},"6":{"name":"(anonymous_6)","decl":{"start":{"line":202,"column":10},"end":{"line":202,"column":11}},"loc":{"start":{"line":202,"column":20},"end":{"line":202,"column":45}},"line":202},"7":{"name":"getInterventions","decl":{"start":{"line":224,"column":15},"end":{"line":224,"column":32}},"loc":{"start":{"line":224,"column":47},"end":{"line":303,"column":null}},"line":224},"8":{"name":"(anonymous_8)","decl":{"start":{"line":256,"column":41},"end":{"line":256,"column":42}},"loc":{"start":{"line":256,"column":53},"end":{"line":256,"column":88}},"line":256},"9":{"name":"(anonymous_9)","decl":{"start":{"line":313,"column":44},"end":{"line":313,"column":51}},"loc":{"start":{"line":313,"column":79},"end":{"line":335,"column":1}},"line":313},"10":{"name":"(anonymous_10)","decl":{"start":{"line":338,"column":51},"end":{"line":338,"column":58}},"loc":{"start":{"line":338,"column":86},"end":{"line":349,"column":1}},"line":338},"11":{"name":"(anonymous_11)","decl":{"start":{"line":352,"column":54},"end":{"line":352,"column":61}},"loc":{"start":{"line":352,"column":89},"end":{"line":363,"column":1}},"line":352},"12":{"name":"(anonymous_12)","decl":{"start":{"line":374,"column":48},"end":{"line":374,"column":55}},"loc":{"start":{"line":374,"column":83},"end":{"line":422,"column":1}},"line":374},"13":{"name":"(anonymous_13)","decl":{"start":{"line":397,"column":53},"end":{"line":397,"column":54}},"loc":{"start":{"line":397,"column":81},"end":{"line":415,"column":5}},"line":397},"14":{"name":"(anonymous_14)","decl":{"start":{"line":399,"column":47},"end":{"line":399,"column":52}},"loc":{"start":{"line":399,"column":52},"end":{"line":399,"column":73}},"line":399},"15":{"name":"(anonymous_15)","decl":{"start":{"line":413,"column":68},"end":{"line":413,"column":69}},"loc":{"start":{"line":413,"column":78},"end":{"line":413,"column":87}},"line":413},"16":{"name":"(anonymous_16)","decl":{"start":{"line":436,"column":57},"end":{"line":436,"column":64}},"loc":{"start":{"line":436,"column":92},"end":{"line":471,"column":1}},"line":436},"17":{"name":"(anonymous_17)","decl":{"start":{"line":442,"column":35},"end":{"line":442,"column":36}},"loc":{"start":{"line":442,"column":47},"end":{"line":442,"column":82}},"line":442},"18":{"name":"(anonymous_18)","decl":{"start":{"line":478,"column":49},"end":{"line":478,"column":56}},"loc":{"start":{"line":478,"column":84},"end":{"line":525,"column":1}},"line":478}},"branchMap":{"0":{"loc":{"start":{"line":36,"column":14},"end":{"line":36,"column":null}},"type":"cond-expr","locations":[{"start":{"line":36,"column":44},"end":{"line":36,"column":62}},{"start":{"line":36,"column":62},"end":{"line":36,"column":null}}],"line":36},"1":{"loc":{"start":{"line":38,"column":9},"end":{"line":38,"column":null}},"type":"cond-expr","locations":[{"start":{"line":38,"column":21},"end":{"line":38,"column":28}},{"start":{"line":38,"column":28},"end":{"line":38,"column":null}}],"line":38},"2":{"loc":{"start":{"line":85,"column":15},"end":{"line":85,"column":null}},"type":"cond-expr","locations":[{"start":{"line":85,"column":29},"end":{"line":85,"column":40}},{"start":{"line":85,"column":40},"end":{"line":85,"column":null}}],"line":85},"3":{"loc":{"start":{"line":85,"column":40},"end":{"line":85,"column":null}},"type":"cond-expr","locations":[{"start":{"line":85,"column":54},"end":{"line":85,"column":67}},{"start":{"line":85,"column":67},"end":{"line":85,"column":null}}],"line":85},"4":{"loc":{"start":{"line":121,"column":16},"end":{"line":121,"column":null}},"type":"binary-expr","locations":[{"start":{"line":121,"column":16},"end":{"line":121,"column":37}},{"start":{"line":121,"column":37},"end":{"line":121,"column":null}}],"line":121},"5":{"loc":{"start":{"line":122,"column":17},"end":{"line":122,"column":null}},"type":"binary-expr","locations":[{"start":{"line":122,"column":17},"end":{"line":122,"column":39}},{"start":{"line":122,"column":39},"end":{"line":122,"column":null}}],"line":122},"6":{"loc":{"start":{"line":123,"column":20},"end":{"line":123,"column":null}},"type":"binary-expr","locations":[{"start":{"line":123,"column":20},"end":{"line":123,"column":45}},{"start":{"line":123,"column":45},"end":{"line":123,"column":null}}],"line":123},"7":{"loc":{"start":{"line":124,"column":20},"end":{"line":124,"column":null}},"type":"cond-expr","locations":[{"start":{"line":124,"column":33},"end":{"line":124,"column":60}},{"start":{"line":124,"column":60},"end":{"line":124,"column":null}}],"line":124},"8":{"loc":{"start":{"line":127,"column":60},"end":{"line":127,"column":75}},"type":"binary-expr","locations":[{"start":{"line":127,"column":60},"end":{"line":127,"column":72}},{"start":{"line":127,"column":72},"end":{"line":127,"column":75}}],"line":127},"9":{"loc":{"start":{"line":128,"column":17},"end":{"line":128,"column":null}},"type":"cond-expr","locations":[{"start":{"line":128,"column":35},"end":{"line":128,"column":60}},{"start":{"line":128,"column":60},"end":{"line":128,"column":null}}],"line":128},"10":{"loc":{"start":{"line":173,"column":31},"end":{"line":173,"column":null}},"type":"cond-expr","locations":[{"start":{"line":173,"column":49},"end":{"line":173,"column":141}},{"start":{"line":173,"column":141},"end":{"line":173,"column":null}}],"line":173},"11":{"loc":{"start":{"line":177,"column":22},"end":{"line":177,"column":null}},"type":"cond-expr","locations":[{"start":{"line":177,"column":36},"end":{"line":177,"column":62}},{"start":{"line":177,"column":62},"end":{"line":177,"column":null}}],"line":177},"12":{"loc":{"start":{"line":177,"column":100},"end":{"line":177,"column":167}},"type":"cond-expr","locations":[{"start":{"line":177,"column":160},"end":{"line":177,"column":165}},{"start":{"line":177,"column":165},"end":{"line":177,"column":167}}],"line":177},"13":{"loc":{"start":{"line":177,"column":100},"end":{"line":177,"column":160}},"type":"binary-expr","locations":[{"start":{"line":177,"column":100},"end":{"line":177,"column":133}},{"start":{"line":177,"column":133},"end":{"line":177,"column":160}}],"line":177},"14":{"loc":{"start":{"line":178,"column":21},"end":{"line":178,"column":null}},"type":"cond-expr","locations":[{"start":{"line":178,"column":39},"end":{"line":178,"column":52}},{"start":{"line":178,"column":52},"end":{"line":178,"column":null}}],"line":178},"15":{"loc":{"start":{"line":178,"column":52},"end":{"line":178,"column":null}},"type":"cond-expr","locations":[{"start":{"line":178,"column":70},"end":{"line":178,"column":79}},{"start":{"line":178,"column":79},"end":{"line":178,"column":null}}],"line":178},"16":{"loc":{"start":{"line":178,"column":79},"end":{"line":178,"column":null}},"type":"cond-expr","locations":[{"start":{"line":178,"column":97},"end":{"line":178,"column":110}},{"start":{"line":178,"column":110},"end":{"line":178,"column":null}}],"line":178},"17":{"loc":{"start":{"line":178,"column":110},"end":{"line":178,"column":null}},"type":"cond-expr","locations":[{"start":{"line":178,"column":128},"end":{"line":178,"column":136}},{"start":{"line":178,"column":136},"end":{"line":178,"column":null}}],"line":178},"18":{"loc":{"start":{"line":181,"column":4},"end":{"line":181,"column":null}},"type":"if","locations":[{"start":{"line":181,"column":4},"end":{"line":181,"column":null}},{"start":{},"end":{}}],"line":181},"19":{"loc":{"start":{"line":182,"column":4},"end":{"line":182,"column":null}},"type":"if","locations":[{"start":{"line":182,"column":4},"end":{"line":182,"column":null}},{"start":{},"end":{}}],"line":182},"20":{"loc":{"start":{"line":182,"column":8},"end":{"line":182,"column":67}},"type":"binary-expr","locations":[{"start":{"line":182,"column":8},"end":{"line":182,"column":41}},{"start":{"line":182,"column":41},"end":{"line":182,"column":67}}],"line":182},"21":{"loc":{"start":{"line":183,"column":4},"end":{"line":183,"column":null}},"type":"if","locations":[{"start":{"line":183,"column":4},"end":{"line":183,"column":null}},{"start":{},"end":{}}],"line":183},"22":{"loc":{"start":{"line":193,"column":21},"end":{"line":193,"column":null}},"type":"cond-expr","locations":[{"start":{"line":193,"column":70},"end":{"line":193,"column":76}},{"start":{"line":193,"column":76},"end":{"line":193,"column":null}}],"line":193},"23":{"loc":{"start":{"line":193,"column":21},"end":{"line":193,"column":70}},"type":"binary-expr","locations":[{"start":{"line":193,"column":21},"end":{"line":193,"column":48}},{"start":{"line":193,"column":48},"end":{"line":193,"column":70}}],"line":193},"24":{"loc":{"start":{"line":194,"column":26},"end":{"line":194,"column":null}},"type":"cond-expr","locations":[{"start":{"line":194,"column":53},"end":{"line":194,"column":74}},{"start":{"line":194,"column":74},"end":{"line":194,"column":null}}],"line":194},"25":{"loc":{"start":{"line":197,"column":14},"end":{"line":197,"column":null}},"type":"cond-expr","locations":[{"start":{"line":197,"column":27},"end":{"line":197,"column":126}},{"start":{"line":197,"column":126},"end":{"line":197,"column":null}}],"line":197},"26":{"loc":{"start":{"line":229,"column":22},"end":{"line":229,"column":null}},"type":"binary-expr","locations":[{"start":{"line":229,"column":22},"end":{"line":229,"column":45}},{"start":{"line":229,"column":45},"end":{"line":229,"column":null}}],"line":229},"27":{"loc":{"start":{"line":239,"column":43},"end":{"line":239,"column":71}},"type":"cond-expr","locations":[{"start":{"line":239,"column":63},"end":{"line":239,"column":69}},{"start":{"line":239,"column":69},"end":{"line":239,"column":71}}],"line":239},"28":{"loc":{"start":{"line":239,"column":79},"end":{"line":239,"column":107}},"type":"cond-expr","locations":[{"start":{"line":239,"column":99},"end":{"line":239,"column":105}},{"start":{"line":239,"column":105},"end":{"line":239,"column":107}}],"line":239},"29":{"loc":{"start":{"line":252,"column":55},"end":{"line":252,"column":89}},"type":"cond-expr","locations":[{"start":{"line":252,"column":81},"end":{"line":252,"column":87}},{"start":{"line":252,"column":87},"end":{"line":252,"column":89}}],"line":252},"30":{"loc":{"start":{"line":253,"column":14},"end":{"line":253,"column":null}},"type":"cond-expr","locations":[{"start":{"line":253,"column":38},"end":{"line":253,"column":47}},{"start":{"line":253,"column":47},"end":{"line":253,"column":null}}],"line":253},"31":{"loc":{"start":{"line":254,"column":15},"end":{"line":254,"column":null}},"type":"cond-expr","locations":[{"start":{"line":254,"column":39},"end":{"line":254,"column":62}},{"start":{"line":254,"column":62},"end":{"line":254,"column":null}}],"line":254},"32":{"loc":{"start":{"line":255,"column":13},"end":{"line":255,"column":null}},"type":"cond-expr","locations":[{"start":{"line":255,"column":37},"end":{"line":255,"column":42}},{"start":{"line":255,"column":42},"end":{"line":255,"column":null}}],"line":255},"33":{"loc":{"start":{"line":256,"column":68},"end":{"line":256,"column":85}},"type":"binary-expr","locations":[{"start":{"line":256,"column":68},"end":{"line":256,"column":82}},{"start":{"line":256,"column":82},"end":{"line":256,"column":85}}],"line":256},"34":{"loc":{"start":{"line":278,"column":22},"end":{"line":278,"column":47}},"type":"binary-expr","locations":[{"start":{"line":278,"column":22},"end":{"line":278,"column":46}},{"start":{"line":278,"column":46},"end":{"line":278,"column":47}}],"line":278},"35":{"loc":{"start":{"line":278,"column":47},"end":{"line":278,"column":99}},"type":"cond-expr","locations":[{"start":{"line":278,"column":91},"end":{"line":278,"column":97}},{"start":{"line":278,"column":97},"end":{"line":278,"column":99}}],"line":278},"36":{"loc":{"start":{"line":278,"column":56},"end":{"line":278,"column":87}},"type":"binary-expr","locations":[{"start":{"line":278,"column":56},"end":{"line":278,"column":80}},{"start":{"line":278,"column":80},"end":{"line":278,"column":87}}],"line":278},"37":{"loc":{"start":{"line":282,"column":24},"end":{"line":282,"column":53}},"type":"binary-expr","locations":[{"start":{"line":282,"column":24},"end":{"line":282,"column":48}},{"start":{"line":282,"column":48},"end":{"line":282,"column":53}}],"line":282},"38":{"loc":{"start":{"line":315,"column":2},"end":{"line":315,"column":null}},"type":"if","locations":[{"start":{"line":315,"column":2},"end":{"line":315,"column":null}},{"start":{},"end":{}}],"line":315},"39":{"loc":{"start":{"line":325,"column":15},"end":{"line":329,"column":null}},"type":"cond-expr","locations":[{"start":{"line":326,"column":10},"end":{"line":326,"column":null}},{"start":{"line":327,"column":10},"end":{"line":329,"column":null}}],"line":325},"40":{"loc":{"start":{"line":327,"column":10},"end":{"line":329,"column":null}},"type":"cond-expr","locations":[{"start":{"line":328,"column":10},"end":{"line":328,"column":null}},{"start":{"line":329,"column":10},"end":{"line":329,"column":null}}],"line":327},"41":{"loc":{"start":{"line":340,"column":2},"end":{"line":340,"column":null}},"type":"if","locations":[{"start":{"line":340,"column":2},"end":{"line":340,"column":null}},{"start":{},"end":{}}],"line":340},"42":{"loc":{"start":{"line":354,"column":2},"end":{"line":354,"column":null}},"type":"if","locations":[{"start":{"line":354,"column":2},"end":{"line":354,"column":null}},{"start":{},"end":{}}],"line":354},"43":{"loc":{"start":{"line":376,"column":2},"end":{"line":376,"column":null}},"type":"if","locations":[{"start":{"line":376,"column":2},"end":{"line":376,"column":null}},{"start":{},"end":{}}],"line":376},"44":{"loc":{"start":{"line":390,"column":6},"end":{"line":390,"column":null}},"type":"if","locations":[{"start":{"line":390,"column":6},"end":{"line":390,"column":null}},{"start":{},"end":{}}],"line":390},"45":{"loc":{"start":{"line":392,"column":6},"end":{"line":394,"column":null}},"type":"if","locations":[{"start":{"line":392,"column":6},"end":{"line":394,"column":null}},{"start":{},"end":{}}],"line":392},"46":{"loc":{"start":{"line":400,"column":22},"end":{"line":400,"column":null}},"type":"cond-expr","locations":[{"start":{"line":400,"column":37},"end":{"line":400,"column":88}},{"start":{"line":400,"column":88},"end":{"line":400,"column":null}}],"line":400},"47":{"loc":{"start":{"line":405,"column":21},"end":{"line":405,"column":null}},"type":"cond-expr","locations":[{"start":{"line":405,"column":36},"end":{"line":405,"column":65}},{"start":{"line":405,"column":65},"end":{"line":405,"column":null}}],"line":405},"48":{"loc":{"start":{"line":406,"column":21},"end":{"line":406,"column":null}},"type":"cond-expr","locations":[{"start":{"line":406,"column":36},"end":{"line":406,"column":66}},{"start":{"line":406,"column":66},"end":{"line":406,"column":null}}],"line":406},"49":{"loc":{"start":{"line":410,"column":26},"end":{"line":410,"column":null}},"type":"cond-expr","locations":[{"start":{"line":410,"column":41},"end":{"line":410,"column":46}},{"start":{"line":410,"column":46},"end":{"line":410,"column":null}}],"line":410},"50":{"loc":{"start":{"line":413,"column":20},"end":{"line":413,"column":null}},"type":"cond-expr","locations":[{"start":{"line":413,"column":35},"end":{"line":413,"column":117}},{"start":{"line":413,"column":117},"end":{"line":413,"column":null}}],"line":413},"51":{"loc":{"start":{"line":438,"column":2},"end":{"line":438,"column":null}},"type":"if","locations":[{"start":{"line":438,"column":2},"end":{"line":438,"column":null}},{"start":{},"end":{}}],"line":438},"52":{"loc":{"start":{"line":442,"column":64},"end":{"line":442,"column":79}},"type":"binary-expr","locations":[{"start":{"line":442,"column":64},"end":{"line":442,"column":76}},{"start":{"line":442,"column":76},"end":{"line":442,"column":79}}],"line":442},"53":{"loc":{"start":{"line":445,"column":18},"end":{"line":445,"column":null}},"type":"binary-expr","locations":[{"start":{"line":445,"column":18},"end":{"line":445,"column":39}},{"start":{"line":445,"column":39},"end":{"line":445,"column":null}}],"line":445},"54":{"loc":{"start":{"line":446,"column":22},"end":{"line":446,"column":null}},"type":"cond-expr","locations":[{"start":{"line":446,"column":34},"end":{"line":446,"column":97}},{"start":{"line":446,"column":97},"end":{"line":446,"column":null}}],"line":446},"55":{"loc":{"start":{"line":446,"column":46},"end":{"line":446,"column":76}},"type":"binary-expr","locations":[{"start":{"line":446,"column":46},"end":{"line":446,"column":71}},{"start":{"line":446,"column":71},"end":{"line":446,"column":76}}],"line":446},"56":{"loc":{"start":{"line":480,"column":2},"end":{"line":480,"column":null}},"type":"if","locations":[{"start":{"line":480,"column":2},"end":{"line":480,"column":null}},{"start":{},"end":{}}],"line":480},"57":{"loc":{"start":{"line":489,"column":15},"end":{"line":493,"column":null}},"type":"cond-expr","locations":[{"start":{"line":490,"column":10},"end":{"line":490,"column":null}},{"start":{"line":491,"column":10},"end":{"line":493,"column":null}}],"line":489},"58":{"loc":{"start":{"line":491,"column":10},"end":{"line":493,"column":null}},"type":"cond-expr","locations":[{"start":{"line":492,"column":10},"end":{"line":492,"column":null}},{"start":{"line":493,"column":10},"end":{"line":493,"column":null}}],"line":491}},"s":{"0":1,"1":0,"2":0,"3":0,"4":0,"5":0,"6":0,"7":0,"8":0,"9":0,"10":0,"11":0,"12":0,"13":0,"14":0,"15":0,"16":0,"17":0,"18":0,"19":0,"20":0,"21":0,"22":0,"23":0,"24":0,"25":0,"26":0,"27":0,"28":0,"29":0,"30":0,"31":0,"32":0,"33":0,"34":0,"35":0,"36":0,"37":0,"38":0,"39":0,"40":0,"41":0,"42":0,"43":0,"44":0,"45":0,"46":0,"47":0,"48":0,"49":0,"50":1,"51":0,"52":0,"53":0,"54":0,"55":0,"56":0,"57":0,"58":0,"59":0,"60":0,"61":1,"62":0,"63":0,"64":0,"65":0,"66":0,"67":0,"68":0,"69":0,"70":0,"71":1,"72":0,"73":0,"74":0,"75":0,"76":0,"77":0,"78":0,"79":0,"80":0,"81":1,"82":0,"83":0,"84":0,"85":0,"86":0,"87":0,"88":0,"89":0,"90":0,"91":0,"92":0,"93":0,"94":0,"95":0,"96":0,"97":0,"98":0,"99":0,"100":0,"101":0,"102":0,"103":0,"104":0,"105":0,"106":0,"107":0,"108":0,"109":0,"110":0,"111":1,"112":0,"113":0,"114":0,"115":0,"116":0,"117":0,"118":0,"119":0,"120":0,"121":0,"122":0,"123":0,"124":0,"125":0,"126":0,"127":1,"128":0,"129":0,"130":0,"131":0,"132":0,"133":0,"134":0,"135":0,"136":0,"137":0,"138":0,"139":0,"140":0,"141":0,"142":0},"f":{"0":0,"1":0,"2":0,"3":0,"4":0,"5":0,"6":0,"7":0,"8":0,"9":0,"10":0,"11":0,"12":0,"13":0,"14":0,"15":0,"16":0,"17":0,"18":0},"b":{"0":[0,0],"1":[0,0],"2":[0,0],"3":[0,0],"4":[0,0],"5":[0,0],"6":[0,0],"7":[0,0],"8":[0,0],"9":[0,0],"10":[0,0],"11":[0,0],"12":[0,0],"13":[0,0],"14":[0,0],"15":[0,0],"16":[0,0],"17":[0,0],"18":[0,0],"19":[0,0],"20":[0,0],"21":[0,0],"22":[0,0],"23":[0,0],"24":[0,0],"25":[0,0],"26":[0,0],"27":[0,0],"28":[0,0],"29":[0,0],"30":[0,0],"31":[0,0],"32":[0,0],"33":[0,0],"34":[0,0],"35":[0,0],"36":[0,0],"37":[0,0],"38":[0,0],"39":[0,0],"40":[0,0],"41":[0,0],"42":[0,0],"43":[0,0],"44":[0,0],"45":[0,0],"46":[0,0],"47":[0,0],"48":[0,0],"49":[0,0],"50":[0,0],"51":[0,0],"52":[0,0],"53":[0,0],"54":[0,0],"55":[0,0],"56":[0,0],"57":[0,0],"58":[0,0]},"meta":{"lastBranch":59,"lastFunction":19,"lastStatement":143,"seen":{"s:26:6:26:Infinity":0,"f:35:9:35:20":0,"s:36:14:36:Infinity":1,"b:36:44:36:62:36:62:36:Infinity":0,"s:37:13:37:Infinity":2,"s:38:2:38:Infinity":3,"b:38:21:38:28:38:28:38:Infinity":1,"f:76:9:76:20":1,"s:78:20:78:Infinity":4,"s:79:18:79:Infinity":5,"s:80:21:80:Infinity":6,"s:81:21:81:Infinity":7,"s:83:18:83:Infinity":8,"s:84:16:84:Infinity":9,"s:85:15:85:Infinity":10,"b:85:29:85:40:85:40:85:Infinity":2,"b:85:54:85:67:85:67:85:Infinity":3,"s:87:2:97:Infinity":11,"f:116:15:116:29":2,"s:117:24:117:Infinity":12,"s:118:27:118:Infinity":13,"s:119:23:119:Infinity":14,"s:121:16:121:Infinity":15,"b:121:16:121:37:121:37:121:Infinity":4,"s:122:17:122:Infinity":16,"b:122:17:122:39:122:39:122:Infinity":5,"s:123:20:123:Infinity":17,"b:123:20:123:45:123:45:123:Infinity":6,"s:124:20:124:Infinity":18,"b:124:33:124:60:124:60:124:Infinity":7,"s:126:15:126:Infinity":19,"s:127:19:127:Infinity":20,"f:127:31:127:32":3,"s:127:43:127:78":21,"b:127:60:127:72:127:72:127:75":8,"s:128:17:128:Infinity":22,"b:128:35:128:60:128:60:128:Infinity":9,"s:129:20:129:Infinity":23,"s:130:20:130:Infinity":24,"s:132:2:132:Infinity":25,"f:167:15:167:31":4,"s:168:18:168:Infinity":26,"s:170:2:202:Infinity":27,"f:170:21:170:22":5,"s:171:16:171:Infinity":28,"s:173:31:173:Infinity":29,"b:173:49:173:141:173:141:173:Infinity":10,"s:175:28:175:Infinity":30,"s:177:22:177:Infinity":31,"b:177:36:177:62:177:62:177:Infinity":11,"b:177:160:177:165:177:165:177:167":12,"b:177:100:177:133:177:133:177:160":13,"s:178:21:178:Infinity":32,"b:178:39:178:52:178:52:178:Infinity":14,"b:178:70:178:79:178:79:178:Infinity":15,"b:178:97:178:110:178:110:178:Infinity":16,"b:178:128:178:136:178:136:178:Infinity":17,"s:180:30:180:Infinity":33,"b:181:4:181:Infinity:undefined:undefined:undefined:undefined":18,"s:181:4:181:Infinity":34,"s:181:33:181:Infinity":35,"b:182:4:182:Infinity:undefined:undefined:undefined:undefined":19,"s:182:4:182:Infinity":36,"b:182:8:182:41:182:41:182:67":20,"s:182:67:182:Infinity":37,"b:183:4:183:Infinity:undefined:undefined:undefined:undefined":21,"s:183:4:183:Infinity":38,"s:183:31:183:Infinity":39,"s:186:16:186:Infinity":40,"s:187:4:201:Infinity":41,"b:193:70:193:76:193:76:193:Infinity":22,"b:193:21:193:48:193:48:193:70":23,"b:194:53:194:74:194:74:194:Infinity":24,"b:197:27:197:126:197:126:197:Infinity":25,"f:202:10:202:11":6,"s:202:20:202:45":42,"f:224:15:224:32":7,"s:225:25:228:Infinity":43,"s:229:22:229:Infinity":44,"b:229:22:229:45:229:45:229:Infinity":26,"s:231:26:231:Infinity":45,"s:232:21:232:Infinity":46,"s:234:24:300:Infinity":47,"b:239:63:239:69:239:69:239:71":27,"b:239:99:239:105:239:105:239:107":28,"b:252:81:252:87:252:87:252:89":29,"b:253:38:253:47:253:47:253:Infinity":30,"b:254:39:254:62:254:62:254:Infinity":31,"b:2
[...]
:4},"end":{"line":78,"column":null}},"type":"if","locations":[{"start":{"line":76,"column":4},"end":{"line":78,"column":null}},{"start":{},"end":{}}],"line":76},"6":{"loc":{"start":{"line":80,"column":4},"end":{"line":82,"column":null}},"type":"if","locations":[{"start":{"line":80,"column":4},"end":{"line":82,"column":null}},{"start":{},"end":{}}],"line":80},"7":{"loc":{"start":{"line":118,"column":4},"end":{"line":118,"column":null}},"type":"if","locations":[{"start":{"line":118,"column":4},"end":{"line":118,"column":null}},{"start":{},"end":{}}],"line":118},"8":{"loc":{"start":{"line":118,"column":8},"end":{"line":118,"column":47}},"type":"binary-expr","locations":[{"start":{"line":118,"column":8},"end":{"line":118,"column":29}},{"start":{"line":118,"column":29},"end":{"line":118,"column":47}}],"line":118},"9":{"loc":{"start":{"line":123,"column":4},"end":{"line":123,"column":null}},"type":"if","locations":[{"start":{"line":123,"column":4},"end":{"line":123,"column":null}},{"start":{},"end":{}}],"line":123},"10":{"loc":{"start":{"line":123,"column":8},"end":{"line":123,"column":25}},"type":"binary-expr","locations":[{"start":{"line":123,"column":8},"end":{"line":123,"column":16}},{"start":{"line":123,"column":16},"end":{"line":123,"column":25}}],"line":123},"11":{"loc":{"start":{"line":150,"column":4},"end":{"line":152,"column":null}},"type":"if","locations":[{"start":{"line":150,"column":4},"end":{"line":152,"column":null}},{"start":{},"end":{}}],"line":150}},"s":{"0":3,"1":3,"2":120,"3":19,"4":19,"5":1,"6":18,"7":18,"8":18,"9":18,"10":18,"11":8,"12":4,"13":4,"14":4,"15":1,"16":3,"17":2,"18":1,"19":1,"20":0,"21":3,"22":3,"23":0,"24":0,"25":0,"26":0,"27":0,"28":0,"29":0,"30":0,"31":1,"32":1,"33":1,"34":1,"35":1,"36":3},"f":{"0":120,"1":19,"2":8,"3":3,"4":0,"5":1},"b":{"0":[1,18],"1":[18,1],"2":[4,4],"3":[8,6,6],"4":[1,3],"5":[2,1],"6":[1,0],"7":[0,0],"8":[0,0],"9":[0,0],"10":[0,0],"11":[1,0]},"meta":{"lastBranch":12,"lastFunction":6,"lastStatement":37,"seen":{"s:5:27:5:Infinity":0,"s:6:29:6:Infinity":1,"f:9:2:9:26":0,"s:10:4:10:Infinity":2,"f:13:8:13:20":1,"s:19:18:28:Infinity":3,"b:30:4:32:Infinity:undefined:undefined:undefined:undefined":0,"s:30:4:32:Infinity":4,"s:31:6:31:Infinity":5,"s:34:18:34:Infinity":6,"s:35:22:35:Infinity":7,"s:37:4:44:Infinity":8,"b:42:18:42:39:42:39:42:Infinity":1,"s:46:4:46:Infinity":9,"s:48:4:48:Infinity":10,"f:51:8:51:22":2,"b:63:4:65:Infinity:undefined:undefined:undefined:undefined":2,"s:63:4:65:Infinity":11,"b:63:8:63:18:63:18:63:47:63:47:63:66":3,"s:64:6:64:Infinity":12,"s:67:21:70:Infinity":13,"b:72:4:74:Infinity:undefined:undefined:undefined:undefined":4,"s:72:4:74:Infinity":14,"s:73:6:73:Infinity":15,"b:76:4:78:Infinity:undefined:undefined:undefined:undefined":5,"s:76:4:78:Infinity":16,"s:77:6:77:Infinity":17,"b:80:4:82:Infinity:undefined:undefined:undefined:undefined":6,"s:80:4:82:Infinity":18,"s:81:6:81:Infinity":19,"s:84:4:93:Infinity":20,"f:96:8:96:17":3,"s:97:19:107:Infinity":21,"s:108:4:108:Infinity":22,"f:111:8:111:24":4,"s:117:23:117:Infinity":23,"b:118:4:118:Infinity:undefined:undefined:undefined:undefined":7,"s:118:4:118:Infinity":24,"b:118:8:118:29:118:29:118:47":8,"s:118:47:118:Infinity":25,"s:120:18:120:Infinity":26,"s:121:21:121:Infinity":27,"b:123:4:123:Infinity:undefined:undefined:undefined:undefined":9,"s:123:4:123:Infinity":28,"b:123:8:123:16:123:16:123:25":10,"s:123:25:123:Infinity":29,"s:125:4:130:Infinity":30,"f:133:8:133:29":5,"s:134:19:134:Infinity":31,"s:136:20:148:Infinity":32,"b:150:4:152:Infinity:undefined:undefined:undefined:undefined":11,"s:150:4:152:Infinity":33,"s:151:6:151:Infinity":34,"s:154:4:154:Infinity":35,"s:158:41:158:Infinity":36}}}
,"/home/runner/workspace/artifacts/api-server/src/services/recommendation-learning.ts": {"path":"/home/runner/workspace/artifacts/api-server/src/services/recommendation-learning.ts","statementMap":{"0":{"start":{"line":49,"column":31},"end":{"line":49,"column":null}},"1":{"start":{"line":56,"column":12},"end":{"line":56,"column":null}},"2":{"start":{"line":57,"column":2},"end":{"line":57,"column":null}},"3":{"start":{"line":58,"column":2},"end":{"line":58,"column":null}},"4":{"start":{"line":67,"column":16},"end":{"line":67,"column":null}},"5":{"start":{"line":68,"column":2},"end":{"line":68,"column":null}},"6":{"start":{"line":87,"column":2},"end":{"line":116,"column":null}},"7":{"start":{"line":88,"column":27},"end":{"line":91,"column":null}},"8":{"start":{"line":88,"column":83},"end":{"line":91,"column":6}},"9":{"start":{"line":93,"column":23},"end":{"line":103,"column":null}},"10":{"start":{"line":105,"column":4},"end":{"line":105,"column":null}},"11":{"start":{"line":105,"column":18},"end":{"line":105,"column":null}},"12":{"start":{"line":107,"column":4},"end":{"line":115,"column":null}},"13":{"start":{"line":131,"column":17},"end":{"line":131,"column":null}},"14":{"start":{"line":132,"column":16},"end":{"line":136,"column":null}},"15":{"start":{"line":138,"column":25},"end":{"line":141,"column":null}},"16":{"start":{"line":141,"column":87},"end":{"line":141,"column":94}},"17":{"start":{"line":143,"column":24},"end":{"line":143,"column":null}},"18":{"start":{"line":144,"column":2},"end":{"line":150,"column":null}},"19":{"start":{"line":145,"column":4},"end":{"line":149,"column":null}},"20":{"start":{"line":152,"column":2},"end":{"line":182,"column":null}},"21":{"start":{"line":153,"column":18},"end":{"line":153,"column":null}},"22":{"start":{"line":154,"column":22},"end":{"line":162,"column":null}},"23":{"start":{"line":155,"column":25},"end":{"line":155,"column":null}},"24":{"start":{"line":156,"column":6},"end":{"line":161,"column":null}},"25":{"start":{"line":164,"column":25},"end":{"line":164,"column":null}},"26":{"start":{"line":164,"column":52},"end":{"line":164,"column":64}},"27":{"start":{"line":165,"column":23},"end":{"line":165,"column":null}},"28":{"start":{"line":167,"column":30},"end":{"line":167,"column":null}},"29":{"start":{"line":169,"column":4},"end":{"line":181,"column":null}},"30":{"start":{"line":202,"column":17},"end":{"line":205,"column":null}},"31":{"start":{"line":207,"column":2},"end":{"line":207,"column":null}},"32":{"start":{"line":207,"column":13},"end":{"line":207,"column":null}},"33":{"start":{"line":209,"column":16},"end":{"line":209,"column":null}},"34":{"start":{"line":210,"column":2},"end":{"line":212,"column":null}},"35":{"start":{"line":210,"column":25},"end":{"line":210,"column":44}},"36":{"start":{"line":211,"column":4},"end":{"line":211,"column":null}},"37":{"start":{"line":214,"column":21},"end":{"line":222,"column":null}},"38":{"start":{"line":224,"column":2},"end":{"line":237,"column":null}},"39":{"start":{"line":225,"column":4},"end":{"line":228,"column":null}},"40":{"start":{"line":230,"column":4},"end":{"line":236,"column":null}},"41":{"start":{"line":246,"column":56},"end":{"line":254,"column":null}},"42":{"start":{"line":257,"column":16},"end":{"line":257,"column":null}},"43":{"start":{"line":258,"column":33},"end":{"line":258,"column":null}},"44":{"start":{"line":259,"column":18},"end":{"line":259,"column":null}},"45":{"start":{"line":261,"column":2},"end":{"line":267,"column":null}},"46":{"start":{"line":262,"column":18},"end":{"line":262,"column":null}},"47":{"start":{"line":262,"column":42},"end":{"line":262,"column":60}},"48":{"start":{"line":263,"column":4},"end":{"line":266,"column":null}},"49":{"start":{"line":264,"column":6},"end":{"line":264,"column":null}},"50":{"start":{"line":265,"column":6},"end":{"line":265,"column":null}},"51":{"start":{"line":269,"column":2},"end":{"line":269,"column":null}},"52":{"start":{"line":278,"column":25},"end":{"line":278,"column":null}},"53":{"start":{"line":280,"column":19},"end":{"line":283,"column":null}},"54":{"start":{"line":285,"column":2},"end":{"line":285,"column":null}},"55":{"start":{"line":292,"column":2},"end":{"line":298,"column":null}},"56":{"start":{"line":333,"column":21},"end":{"line":338,"column":null}},"57":{"start":{"line":340,"column":21},"end":{"line":343,"column":null}},"58":{"start":{"line":346,"column":24},"end":{"line":346,"column":null}},"59":{"start":{"line":348,"column":23},"end":{"line":348,"column":null}},"60":{"start":{"line":350,"column":25},"end":{"line":350,"column":null}},"61":{"start":{"line":352,"column":2},"end":{"line":362,"column":null}},"62":{"start":{"line":354,"column":4},"end":{"line":360,"column":null}},"63":{"start":{"line":361,"column":4},"end":{"line":361,"column":null}},"64":{"start":{"line":365,"column":28},"end":{"line":365,"column":null}},"65":{"start":{"line":366,"column":24},"end":{"line":366,"column":null}},"66":{"start":{"line":368,"column":2},"end":{"line":375,"column":null}}},"fnMap":{"0":{"name":"getPeriodStart","decl":{"start":{"line":55,"column":16},"end":{"line":55,"column":31}},"loc":{"start":{"line":55,"column":57},"end":{"line":59,"column":null}},"line":55},"1":{"name":"getItemId","decl":{"start":{"line":66,"column":9},"end":{"line":66,"column":19}},"loc":{"start":{"line":66,"column":84},"end":{"line":69,"column":null}},"line":66},"2":{"name":"ensureRecommendationCards","decl":{"start":{"line":81,"column":22},"end":{"line":81,"column":null}},"loc":{"start":{"line":86,"column":2},"end":{"line":117,"column":null}},"line":86},"3":{"name":"(anonymous_3)","decl":{"start":{"line":88,"column":65},"end":{"line":88,"column":66}},"loc":{"start":{"line":88,"column":83},"end":{"line":91,"column":6}},"line":88},"4":{"name":"getRecommendationExecutionState","decl":{"start":{"line":130,"column":22},"end":{"line":130,"column":54}},"loc":{"start":{"line":130,"column":91},"end":{"line":183,"column":null}},"line":130},"5":{"name":"(anonymous_5)","decl":{"start":{"line":141,"column":77},"end":{"line":141,"column":78}},"loc":{"start":{"line":141,"column":87},"end":{"line":141,"column":94}},"line":141},"6":{"name":"(anonymous_6)","decl":{"start":{"line":152,"column":19},"end":{"line":152,"column":20}},"loc":{"start":{"line":152,"column":29},"end":{"line":182,"column":3}},"line":152},"7":{"name":"(anonymous_7)","decl":{"start":{"line":154,"column":32},"end":{"line":154,"column":33}},"loc":{"start":{"line":154,"column":42},"end":{"line":162,"column":5}},"line":154},"8":{"name":"(anonymous_8)","decl":{"start":{"line":164,"column":42},"end":{"line":164,"column":43}},"loc":{"start":{"line":164,"column":52},"end":{"line":164,"column":64}},"line":164},"9":{"name":"toggleChecklistItem","decl":{"start":{"line":195,"column":22},"end":{"line":195,"column":null}},"loc":{"start":{"line":201,"column":2},"end":{"line":238,"column":null}},"line":201},"10":{"name":"(anonymous_10)","decl":{"start":{"line":210,"column":18},"end":{"line":210,"column":19}},"loc":{"start":{"line":210,"column":25},"end":{"line":210,"column":44}},"line":210},"11":{"name":"classifyAction","decl":{"start":{"line":256,"column":9},"end":{"line":256,"column":24}},"loc":{"start":{"line":256,"column":53},"end":{"line":270,"column":null}},"line":256},"12":{"name":"(anonymous_12)","decl":{"start":{"line":262,"column":34},"end":{"line":262,"column":35}},"loc":{"start":{"line":262,"column":42},"end":{"line":262,"column":60}},"line":262},"13":{"name":"logOwnerAction","decl":{"start":{"line":277,"column":22},"end":{"line":277,"column":37}},"loc":{"start":{"line":277,"column":87},"end":{"line":286,"column":null}},"line":277},"14":{"name":"getOwnerActions","decl":{"start":{"line":291,"column":22},"end":{"line":291,"column":38}},"loc":{"start":{"line":291,"column":93},"end":{"line":299,"column":null}},"line":291},"15":{"name":"upsertLearningStat","decl":{"start":{"line":326,"column":22},"end":{"line":326,"column":null}},"loc":{"start":{"line":332,"column":2},"end":{"line":376,"column":null}},"line":332}},"branchMap":{"0":{"loc":{"start":{"line":56,"column":12},"end":{"line":56,"column":null}},"type":"cond-expr","locations":[{"start":{"line":56,"column":24},"end":{"line":56,"column":46}},{"start":{"line":56,"column":46},"end":{"line":56,"column":null}}],"line":56},"1":{"loc":{"start":{"line":105,"column":4},"end":{"line":105,"column":null}},"type":"if","locations":[{"start":{"line":105,"column":4},"end":{"line":105,"column":null}},{"start":{},"end":{}}],"line":105},"2":{"loc":{"start":{"line":131,"column":17},"end":{"line":131,"column":null}},"type":"binary-expr","locations":[{"start":{"line":131,"column":17},"end":{"line":131,"column":32}},{"start":{"line":131,"column":32},"end":{"line":131,"column":null}}],"line":131},"3":{"loc":{"start":{"line":138,"column":25},"end":{"line":141,"column":null}},"type":"cond-expr","locations":[{"start":{"line":138,"column":46},"end":{"line":138,"column":51}},{"start":{"line":138,"column":51},"end":{"line":141,"column":null}}],"line":138},"4":{"loc":{"start":{"line":158,"column":17},"end":{"line":158,"column":null}},"type":"binary-expr","locations":[{"start":{"line":158,"column":17},"end":{"line":158,"column":40}},{"start":{"line":158,"column":40},"end":{"line":158,"column":null}}],"line":158},"5":{"loc":{"start":{"line":159,"column":19},"end":{"line":159,"column":null}},"type":"binary-expr","locations":[{"start":{"line":159,"column":19},"end":{"line":159,"column":44}},{"start":{"line":159,"column":44},"end":{"line":159,"column":null}}],"line":159},"6":{"loc":{"start":{"line":160,"column":14},"end":{"line":160,"column":null}},"type":"binary-expr","locations":[{"start":{"line":160,"column":14},"end":{"line":160,"column":34}},{"start":{"line":160,"column":34},"end":{"line":160,"column":null}}],"line":160},"7":{"loc":{"start":{"line":167,"column":30},"end":{"line":167,"column":null}},"type":"cond-expr","locations":[{"start":{"line":167,"column":49},"end":{"line":167,"column":53}},{"start":{"line":167,"column":53},"end":{"line":167,"column":null}}],"line":167},"8":{"loc":{"start":{"line":207,"column":2},"end":{"line":207,"column":null}},"type":"if","locations":[{"start":{"line":207,"column":2},"end":{"line":207,"column":null}},{"start":{},"end":{}}],"line":207},"9":{"loc":{"start":{"line":210,"column":2},"end":{"line":212,"column":null}},"type":"if","locations":[{"start":{"line":210,"column":2},"end":{"line":212,"column":null}},{"start":{},"end":{}}],"line":210},"10":{"loc":{"start":{"line":224,"column":2},"end":{"line":237,"column":null}},"type":"if","locations":[{"start":{"line":224,"column":2},"end":{"line":237,"column":null}},{"start":{"line":229,"column":9},"end":{"line":237,"column":null}}],"line":224},"11":{"loc":{"start":{"line":227,"column":51},"end":{"line":227,"column":73}},"type":"binary-expr","locations":[{"start":{"line":227,"column":51},"end":{"line":227,"column":59}},{"start":{"line":227,"column":59},"end":{"line":227,"column":73}}],"line":227},"12":{"loc":{"start":{"line":235,"column":12},"end":{"line":235,"column":null}},"type":"binary-expr","locations":[{"start":{"line":235,"column":12},"end":{"line":235,"column":20}},{"start":{"line":235,"column":20},"end":{"line":235,"column":null}}],"line":235},"13":{"loc":{"start":{"line":263,"column":4},"end":{"line":266,"column":null}},"type":"if","locations":[{"start":{"line":263,"column":4},"end":{"line":266,"column":null}},{"start":{},"end":{}}],"line":263},"14":{"loc":{"start":{"line":291,"column":53},"end":{"line":291,"column":73}},"type":"default-arg","locations":[{"start":{"line":291,"column":69},"end":{"line":291,"column":73}}],"line":291},"15":{"loc":{"start":{"line":291,"column":73},"end":{"line":291,"column":93}},"type":"default-arg","locations":[{"start":{"line":291,"column":90},"end":{"line":291,"column":93}}],"line":291},"16":{"loc":{"start":{"line":333,"column":21},"end":{"line":338,"column":null}},"type":"cond-expr","locations":[{"start":{"line":333,"column":21},"end":{"line":337,"column":null}},{"start":{"line":337,"column":6},"end":{"line":338,"column":null}}],"line":333},"17":{"loc":{"start":{"line":348,"column":23},"end":{"line":348,"column":null}},"type":"cond-expr","locations":[{"start":{"line":348,"column":31},"end":{"line":348,"column":54}},{"start":{"line":348,"column":54},"end":{"line":348,"column":null}}],"line":348},"18":{"loc":{"start":{"line":352,"column":2},"end":{"line":362,"column":null}},"type":"if","locations":[{"start":{"line":352,"column":2},"end":{"line":362,"column":null}},{"start":{},"end":{}}],"line":352}},"s":{"0":1,"1":4,"2":4,"3":4,"4":5,"5":5,"6":3,"7":4,"8":5,"9":4,"10":4,"11":1,"12":3,"13":3,"14":3,"15":3,"16":2,"17":2,"18":2,"19":1,"20":3,"21":2,"22":2,"23":3,"24":3,"25":2,"26":3,"27":2,"28":2,"29":2,"30":4,"31":4,"32":1,"33":3,"34":3,"35":3,"36":1,"37":2,"38":2,"39":1,"40":1,"41":1,"42":3,"43":3,"44":3,"45":3,"46":21,"47":120,"48":21,"49":2,"50":2,"51":3,"52":3,"53":3,"54":3,"55":0,"56":5,"57":5,"58":5,"59":5,"60":5,"61":5,"62":3,"63":3,"64":2,"65":2,"66":2},"f":{"0":4,"1":5,"2":3,"3":5,"4":3,"5":2,"6":2,"7":3,"8":3,"9":4,"10":3,"11":3,"12":120,"13":3,"14":0,"15":5},"b":{"0":[3,1],"1":[1,3],"2":[3,0],"3":[1,2],"4":[3,2],"5":[3,2],"6":[3,3],"7":[0,2],"8":[1,3],"9":[1,2],"10":[1,1],"11":[1,1],"12":[1,0],"13":[2,19],"14":[0],"15":[0],"16":[5,0],"17":[5,0],"18":[3,2]},"meta":{"lastBranch":19,"lastFunction":16,"lastStatement":67,"seen":{"s:49:31:49:Infinity":0,"f:55:16:55:31":0,"s:56:12:56:Infinity":1,"b:56:24:56:46:56:46:56:Infinity":0,"s:57:2:57:Infinity":2,"s:58:2:58:Infinity":3,"f:66:9:66:19":1,"s:67:16:67:Infinity":4,"s:68:2:68:Infinity":5,"f:81:22:81:Infinity":2,"s:87:2:116:Infinity":6,"s:88:27:91:Infinity":7,"f:88:65:88:66":3,"s:88:83:91:6":8,"s:93:23:103:Infinity":9,"b:105:4:105:Infinity:undefined:undefined:undefined:undefined":1,"s:105:4:105:Infinity":10,"s:105:18:105:Infinity":11,"s:107:4:115:Infinity":12,"f:130:22:130:54":4,"s:131:17:131:Infinity":13,"b:131:17:131:32:131:32:131:Infinity":2,"s:132:16:136:Infinity":14,"s:138:25:141:Infinity":15,"b:138:46:138:51:138:51:141:Infinity":3,"f:141:77:141:78":5,"s:141:87:141:94":16,"s:143:24:143:Infinity":17,"s:144:2:150:Infinity":18,"s:145:4:149:Infinity":19,"s:152:2:182:Infinity":20,"f:152:19:152:20":6,"s:153:18:153:Infinity":21,"s:154:22:162:Infinity":22,"f:154:32:154:33":7,"s:155:25:155:Infinity":23,"s:156:6:161:Infinity":24,"b:158:17:158:40:158:40:158:Infinity":4,"b:159:19:159:44:159:44:159:Infinity":5,"b:160:14:160:34:160:34:160:Infinity":6,"s:164:25:164:Infinity":25,"f:164:42:164:43":8,"s:164:52:164:64":26,"s:165:23:165:Infinity":27,"s:167:30:167:Infinity":28,"b:167:49:167:53:167:53:167:Infinity":7,"s:169:4:181:Infinity":29,"f:195:22:195:Infinity":9,"s:202:17:205:Infinity":30,"b:207:2:207:Infinity:undefined:undefined:undefined:undefined":8,"s:207:2:207:Infinity":31,"s:207:13:207:Infinity":32,"s:209:16:209:Infinity":33,"b:210:2:212:Infinity:undefined:undefined:undefined:undefined":9,"s:210:2:212:Infinity":34,"f:210:18:210:19":10,"s:210:25:210:44":35,"s:211:4:211:Infinity":36,"s:214:21:222:Infinity":37,"b:224:2:237:Infinity:229:9:237:Infinity":10,"s:224:2:237:Infinity":38,"s:225:4:228:Infinity":39,"b:227:51:227:59:227:59:227:73":11,"s:230:4:236:Infinity":40,"b:235:12:235:20:235:20:235:Infinity":12,"s:246:56:254:Infinity":41,"f:256:9:256:24":11,"s:257:16:257:Infinity":42,"s:258:33:258:Infinity":43,"s:259:18:259:Infinity":44,"s:261:2:267:Infinity":45,"s:262:18:262:Infinity":46,"f:262:34:262:35":12,"s:262:42:262:60":47,"b:263:4:266:Infinity:undefined:undefined:undefined:undefined":13,"s:263:4:266:Infinity":48,"s:264:6:264:Infinity":49,"s:265:6:265:Infinity":50,"s:269:2:269:Infinity":51,"f:277:22:277:37":13,"s:278:25:278:Infinity":52,"s:280:19:283:Infinity":53,"s:285:2:285:Infinity":54,"f:291:22:291:38":14,"b:291:69:291:73":14,"b:291:90:291:93":15,"s:292:2:298:Infinity":55,"f:326:22:326:Infinity":15,"s:333:21:338:Infinity":56,"b:333:21:337:Infinity:337:6:338:Infinity":16,"s:340:21:343:Infinity":57,"s:346:24:346:Infinity":58,"s:348:23:348:Infinity":59,"b:348:31:348:54:348:54:348:Infinity":17,"s:350:25:350:Infinity":60,"b:352:2:362:Infinity:undefined:undefined:undefined:undefined":18,"s:352:2:362:Infinity":61,"s:354:4:360:Infinity":62,"s:361:4:361:Infinity":63,"s:365:28:365:Infinity":64,"s:366:24:366:Infinity":65,"s:368:2:375:Infinity":66}}}
}
