{"total": {"lines":{"total":3178,"covered":753,"skipped":0,"pct":23.69},"statements":{"total":3766,"covered":820,"skipped":0,"pct":21.77},"functions":{"total":403,"covered":122,"skipped":0,"pct":30.27},"branches":{"total":2462,"covered":456,"skipped":0,"pct":18.52},"branchesTrue":{"total":0,"covered":0,"skipped":0,"pct":100}}
,"/home/runner/workspace/artifacts/api-server/src/billingMetrics.ts": {"lines":{"total":20,"covered":20,"skipped":0,"pct":100},"functions":{"total":10,"covered":10,"skipped":0,"pct":100},"statements":{"total":25,"covered":25,"skipped":0,"pct":100},"branches":{"total":7,"covered":7,"skipped":0,"pct":100}}
,"/home/runner/workspace/artifacts/api-server/src/webhookHandlers.ts": {"lines":{"total":149,"covered":106,"skipped":0,"pct":71.14},"functions":{"total":12,"covered":10,"skipped":0,"pct":83.33},"statements":{"total":163,"covered":112,"skipped":0,"pct":68.71},"branches":{"total":147,"covered":84,"skipped":0,"pct":57.14}}
,"/home/runner/workspace/artifacts/api-server/src/middlewares/authMiddleware.ts": {"lines":{"total":30,"covered":0,"skipped":0,"pct":0},"functions":{"total":3,"covered":0,"skipped":0,"pct":0},"statements":{"total":32,"covered":0,"skipped":0,"pct":0},"branches":{"total":16,"covered":0,"skipped":0,"pct":0}}
,"/home/runner/workspace/artifacts/api-server/src/middlewares/billingRbac.ts": {"lines":{"total":29,"covered":29,"skipped":0,"pct":100},"functions":{"total":6,"covered":6,"skipped":0,"pct":100},"statements":{"total":31,"covered":31,"skipped":0,"pct":100},"branches":{"total":22,"covered":20,"skipped":0,"pct":90.9}}
,"/home/runner/workspace/artifacts/api-server/src/middlewares/programmingRbac.ts": {"lines":{"total":53,"covered":13,"skipped":0,"pct":24.52},"functions":{"total":9,"covered":4,"skipped":0,"pct":44.44},"statements":{"total":59,"covered":15,"skipped":0,"pct":25.42},"branches":{"total":42,"covered":6,"skipped":0,"pct":14.28}}
,"/home/runner/workspace/artifacts/api-server/src/middlewares/requireAuth.ts": {"lines":{"total":4,"covered":0,"skipped":0,"pct":0},"functions":{"total":1,"covered":0,"skipped":0,"pct":0},"statements":{"total":4,"covered":0,"skipped":0,"pct":0},"branches":{"total":2,"covered":0,"skipped":0,"pct":0}}
,"/home/runner/workspace/artifacts/api-server/src/middlewares/requireGymAccess.ts": {"lines":{"total":28,"covered":26,"skipped":0,"pct":92.85},"functions":{"total":4,"covered":3,"skipped":0,"pct":75},"statements":{"total":30,"covered":28,"skipped":0,"pct":93.33},"branches":{"total":18,"covered":18,"skipped":0,"pct":100}}
,"/home/runner/workspace/artifacts/api-server/src/middlewares/scheduleRbac.ts": {"lines":{"total":18,"covered":18,"skipped":0,"pct":100},"functions":{"total":7,"covered":7,"skipped":0,"pct":100},"statements":{"total":18,"covered":18,"skipped":0,"pct":100},"branches":{"total":8,"covered":8,"skipped":0,"pct":100}}
,"/home/runner/workspace/artifacts/api-server/src/routes/ai.ts": {"lines":{"total":143,"covered":0,"skipped":0,"pct":0},"functions":{"total":11,"covered":0,"skipped":0,"pct":0},"statements":{"total":210,"covered":0,"skipped":0,"pct":0},"branches":{"total":154,"covered":0,"skipped":0,"pct":0}}
,"/home/runner/workspace/artifacts/api-server/src/routes/attendance.ts": {"lines":{"total":14,"covered":0,"skipped":0,"pct":0},"functions":{"total":1,"covered":0,"skipped":0,"pct":0},"statements":{"total":16,"covered":0,"skipped":0,"pct":0},"branches":{"total":12,"covered":0,"skipped":0,"pct":0}}
,"/home/runner/workspace/artifacts/api-server/src/routes/auth.ts": {"lines":{"total":98,"covered":0,"skipped":0,"pct":0},"functions":{"total":11,"covered":0,"skipped":0,"pct":0},"statements":{"total":98,"covered":0,"skipped":0,"pct":0},"branches":{"total":38,"covered":0,"skipped":0,"pct":0}}
,"/home/runner/workspace/artifacts/api-server/src/routes/billing-recovery.ts": {"lines":{"total":68,"covered":0,"skipped":0,"pct":0},"functions":{"total":7,"covered":0,"skipped":0,"pct":0},"statements":{"total":86,"covered":0,"skipped":0,"pct":0},"branches":{"total":43,"covered":0,"skipped":0,"pct":0}}
,"/home/runner/workspace/artifacts/api-server/src/routes/billing.ts": {"lines":{"total":216,"covered":0,"skipped":0,"pct":0},"functions":{"total":33,"covered":0,"skipped":0,"pct":0},"statements":{"total":286,"covered":0,"skipped":0,"pct":0},"branches":{"total":148,"covered":0,"skipped":0,"pct":0}}
,"/home/runner/workspace/artifacts/api-server/src/routes/class-templates.ts": {"lines":{"total":203,"covered":0,"skipped":0,"pct":0},"functions":{"total":21,"covered":0,"skipped":0,"pct":0},"statements":{"total":241,"covered":0,"skipped":0,"pct":0},"branches":{"total":111,"covered":0,"skipped":0,"pct":0}}
,"/home/runner/workspace/artifacts/api-server/src/routes/classes.ts": {"lines":{"total":241,"covered":0,"skipped":0,"pct":0},"functions":{"total":16,"covered":0,"skipped":0,"pct":0},"statements":{"total":319,"covered":0,"skipped":0,"pct":0},"branches":{"total":219,"covered":0,"skipped":0,"pct":0}}
,"/home/runner/workspace/artifacts/api-server/src/routes/communications.ts": {"lines":{"total":17,"covered":0,"skipped":0,"pct":0},"functions":{"total":3,"covered":0,"skipped":0,"pct":0},"statements":{"total":23,"covered":0,"skipped":0,"pct":0},"branches":{"total":20,"covered":0,"skipped":0,"pct":0}}
,"/home/runner/workspace/artifacts/api-server/src/routes/documents.ts": {"lines":{"total":19,"covered":0,"skipped":0,"pct":0},"functions":{"total":4,"covered":0,"skipped":0,"pct":0},"statements":{"total":25,"covered":0,"skipped":0,"pct":0},"branches":{"total":12,"covered":0,"skipped":0,"pct":0}}
,"/home/runner/workspace/artifacts/api-server/src/routes/gyms.ts": {"lines":{"total":81,"covered":0,"skipped":0,"pct":0},"functions":{"total":6,"covered":0,"skipped":0,"pct":0},"statements":{"total":84,"covered":0,"skipped":0,"pct":0},"branches":{"total":63,"covered":0,"skipped":0,"pct":0}}
,"/home/runner/workspace/artifacts/api-server/src/routes/health.ts": {"lines":{"total":4,"covered":0,"skipped":0,"pct":0},"functions":{"total":1,"covered":0,"skipped":0,"pct":0},"statements":{"total":4,"covered":0,"skipped":0,"pct":0},"branches":{"total":0,"covered":0,"skipped":0,"pct":100}}
,"/home/runner/workspace/artifacts/api-server/src/routes/index.ts": {"lines":{"total":25,"covered":0,"skipped":0,"pct":0},"functions":{"total":0,"covered":0,"skipped":0,"pct":100},"statements":{"total":25,"covered":0,"skipped":0,"pct":0},"branches":{"total":0,"covered":0,"skipped":0,"pct":100}}
,"/home/runner/workspace/artifacts/api-server/src/routes/intelligence.ts": {"lines":{"total":127,"covered":112,"skipped":0,"pct":88.18},"functions":{"total":21,"covered":18,"skipped":0,"pct":85.71},"statements":{"total":148,"covered":123,"skipped":0,"pct":83.1},"branches":{"total":118,"covered":81,"skipped":0,"pct":68.64}}
,"/home/runner/workspace/artifacts/api-server/src/routes/knowledge.ts": {"lines":{"total":80,"covered":0,"skipped":0,"pct":0},"functions":{"total":13,"covered":0,"skipped":0,"pct":0},"statements":{"total":92,"covered":0,"skipped":0,"pct":0},"branches":{"total":36,"covered":0,"skipped":0,"pct":0}}
,"/home/runner/workspace/artifacts/api-server/src/routes/leads.ts": {"lines":{"total":141,"covered":30,"skipped":0,"pct":21.27},"functions":{"total":15,"covered":4,"skipped":0,"pct":26.66},"statements":{"total":184,"covered":35,"skipped":0,"pct":19.02},"branches":{"total":163,"covered":17,"skipped":0,"pct":10.42}}
,"/home/runner/workspace/artifacts/api-server/src/routes/members.ts": {"lines":{"total":209,"covered":73,"skipped":0,"pct":34.92},"functions":{"total":29,"covered":10,"skipped":0,"pct":34.48},"statements":{"total":250,"covered":89,"skipped":0,"pct":35.6},"branches":{"total":205,"covered":69,"skipped":0,"pct":33.65}}
,"/home/runner/workspace/artifacts/api-server/src/routes/onboarding.ts": {"lines":{"total":64,"covered":0,"skipped":0,"pct":0},"functions":{"total":7,"covered":0,"skipped":0,"pct":0},"statements":{"total":73,"covered":0,"skipped":0,"pct":0},"branches":{"total":59,"covered":0,"skipped":0,"pct":0}}
,"/home/runner/workspace/artifacts/api-server/src/routes/payment-update-public.ts": {"lines":{"total":96,"covered":0,"skipped":0,"pct":0},"functions":{"total":4,"covered":0,"skipped":0,"pct":0},"statements":{"total":96,"covered":0,"skipped":0,"pct":0},"branches":{"total":44,"covered":0,"skipped":0,"pct":0}}
,"/home/runner/workspace/artifacts/api-server/src/routes/programming.ts": {"lines":{"total":278,"covered":0,"skipped":0,"pct":0},"functions":{"total":24,"covered":0,"skipped":0,"pct":0},"statements":{"total":300,"covered":0,"skipped":0,"pct":0},"branches":{"total":257,"covered":0,"skipped":0,"pct":0}}
,"/home/runner/workspace/artifacts/api-server/src/routes/recommendations.ts": {"lines":{"total":46,"covered":0,"skipped":0,"pct":0},"functions":{"total":5,"covered":0,"skipped":0,"pct":0},"statements":{"total":58,"covered":0,"skipped":0,"pct":0},"branches":{"total":30,"covered":0,"skipped":0,"pct":0}}
,"/home/runner/workspace/artifacts/api-server/src/routes/reports.ts": {"lines":{"total":154,"covered":71,"skipped":0,"pct":46.1},"functions":{"total":19,"covered":7,"skipped":0,"pct":36.84},"statements":{"total":181,"covered":78,"skipped":0,"pct":43.09},"branches":{"total":104,"covered":30,"skipped":0,"pct":28.84}}
,"/home/runner/workspace/artifacts/api-server/src/routes/retail.ts": {"lines":{"total":45,"covered":0,"skipped":0,"pct":0},"functions":{"total":7,"covered":0,"skipped":0,"pct":0},"statements":{"total":59,"covered":0,"skipped":0,"pct":0},"branches":{"total":24,"covered":0,"skipped":0,"pct":0}}
,"/home/runner/workspace/artifacts/api-server/src/routes/staff.ts": {"lines":{"total":64,"covered":0,"skipped":0,"pct":0},"functions":{"total":6,"covered":0,"skipped":0,"pct":0},"statements":{"total":80,"covered":0,"skipped":0,"pct":0},"branches":{"total":54,"covered":0,"skipped":0,"pct":0}}
,"/home/runner/workspace/artifacts/api-server/src/routes/workouts.ts": {"lines":{"total":42,"covered":0,"skipped":0,"pct":0},"functions":{"total":6,"covered":0,"skipped":0,"pct":0},"statements":{"total":56,"covered":0,"skipped":0,"pct":0},"branches":{"total":38,"covered":0,"skipped":0,"pct":0}}
,"/home/runner/workspace/artifacts/api-server/src/schedulers/billing-maintenance.ts": {"lines":{"total":41,"covered":33,"skipped":0,"pct":80.48},"functions":{"total":7,"covered":3,"skipped":0,"pct":42.85},"statements":{"total":41,"covered":33,"skipped":0,"pct":80.48},"branches":{"total":11,"covered":10,"skipped":0,"pct":90.9}}
,"/home/runner/workspace/artifacts/api-server/src/services/ai-task-generation.ts": {"lines":{"total":42,"covered":42,"skipped":0,"pct":100},"functions":{"total":9,"covered":6,"skipped":0,"pct":66.66},"statements":{"total":51,"covered":44,"skipped":0,"pct":86.27},"branches":{"total":20,"covered":16,"skipped":0,"pct":80}}
,"/home/runner/workspace/artifacts/api-server/src/services/billing-email.ts": {"lines":{"total":28,"covered":22,"skipped":0,"pct":78.57},"functions":{"total":7,"covered":6,"skipped":0,"pct":85.71},"statements":{"total":30,"covered":24,"skipped":0,"pct":80},"branches":{"total":18,"covered":12,"skipped":0,"pct":66.66}}
,"/home/runner/workspace/artifacts/api-server/src/services/billing-recovery.ts": {"lines":{"total":77,"covered":69,"skipped":0,"pct":89.61},"functions":{"total":9,"covered":8,"skipped":0,"pct":88.88},"statements":{"total":80,"covered":70,"skipped":0,"pct":87.5},"branches":{"total":53,"covered":34,"skipped":0,"pct":64.15}}
,"/home/runner/workspace/artifacts/api-server/src/services/email-service.ts": {"lines":{"total":51,"covered":1,"skipped":0,"pct":1.96},"functions":{"total":10,"covered":0,"skipped":0,"pct":0},"statements":{"total":52,"covered":1,"skipped":0,"pct":1.92},"branches":{"total":32,"covered":0,"skipped":0,"pct":0}}
,"/home/runner/workspace/artifacts/api-server/src/services/knowledge-retrieval.ts": {"lines":{"total":37,"covered":0,"skipped":0,"pct":0},"functions":{"total":17,"covered":0,"skipped":0,"pct":0},"statements":{"total":52,"covered":0,"skipped":0,"pct":0},"branches":{"total":53,"covered":0,"skipped":0,"pct":0}}
,"/home/runner/workspace/artifacts/api-server/src/services/payment-update-token.ts": {"lines":{"total":35,"covered":28,"skipped":0,"pct":80},"functions":{"total":6,"covered":5,"skipped":0,"pct":83.33},"statements":{"total":37,"covered":28,"skipped":0,"pct":75.67},"branches":{"total":25,"covered":15,"skipped":0,"pct":60}}
,"/home/runner/workspace/artifacts/api-server/src/services/recommendation-learning.ts": {"lines":{"total":61,"covered":60,"skipped":0,"pct":98.36},"functions":{"total":16,"covered":15,"skipped":0,"pct":93.75},"statements":{"total":67,"covered":66,"skipped":0,"pct":98.5},"branches":{"total":36,"covered":29,"skipped":0,"pct":80.55}}
}
